  [1m[35m (1212.2ms)[0m  [1m[35mCREATE DATABASE "music_app_3_development" ENCODING = 'unicode'[0m
  ↳ bin/rails:9
  [1m[35m (1064.2ms)[0m  [1m[35mCREATE DATABASE "music_app_3_test" ENCODING = 'unicode'[0m
  ↳ bin/rails:9
  [1m[35m (31.8ms)[0m  [1m[35mCREATE TABLE "schema_migrations" ("version" character varying NOT NULL PRIMARY KEY)[0m
  ↳ bin/rails:9
  [1m[35m (10.9ms)[0m  [1m[35mCREATE TABLE "ar_internal_metadata" ("key" character varying NOT NULL PRIMARY KEY, "value" character varying, "created_at" timestamp NOT NULL, "updated_at" timestamp NOT NULL)[0m
  ↳ bin/rails:9
  [1m[35m (0.4ms)[0m  [1m[34mSELECT pg_try_advisory_lock(3436136348486319135)[0m
  ↳ bin/rails:9
  [1m[35m (1.3ms)[0m  [1m[34mSELECT "schema_migrations"."version" FROM "schema_migrations" ORDER BY "schema_migrations"."version" ASC[0m
  ↳ bin/rails:9
Migrating to CreateUsers (20200128215042)
  [1m[35m (0.3ms)[0m  [1m[35mBEGIN[0m
  ↳ bin/rails:9
  [1m[35m (13.7ms)[0m  [1m[35mCREATE TABLE "users" ("id" bigserial primary key, "email" character varying NOT NULL, "password_digest" character varying NOT NULL, "session_token" character varying NOT NULL, "created_at" timestamp NOT NULL, "updated_at" timestamp NOT NULL)[0m
  ↳ db/migrate/20200128215042_create_users.rb:3
  [1m[35m (24.9ms)[0m  [1m[35mCREATE UNIQUE INDEX  "index_users_on_emails" ON "users"  ("emails")[0m
  ↳ db/migrate/20200128215042_create_users.rb:10
  [1m[35m (6.9ms)[0m  [1m[31mROLLBACK[0m
  ↳ bin/rails:9
  [1m[35m (10.3ms)[0m  [1m[34mSELECT pg_advisory_unlock(3436136348486319135)[0m
  ↳ bin/rails:9
  [1m[35m (0.4ms)[0m  [1m[34mSELECT pg_try_advisory_lock(3436136348486319135)[0m
  ↳ bin/rails:9
  [1m[35m (1.5ms)[0m  [1m[34mSELECT "schema_migrations"."version" FROM "schema_migrations" ORDER BY "schema_migrations"."version" ASC[0m
  ↳ bin/rails:9
Migrating to CreateUsers (20200128215042)
  [1m[35m (1.3ms)[0m  [1m[35mBEGIN[0m
  ↳ bin/rails:9
  [1m[35m (21.3ms)[0m  [1m[35mCREATE TABLE "users" ("id" bigserial primary key, "email" character varying NOT NULL, "password_digest" character varying NOT NULL, "session_token" character varying NOT NULL, "created_at" timestamp NOT NULL, "updated_at" timestamp NOT NULL)[0m
  ↳ db/migrate/20200128215042_create_users.rb:3
  [1m[35m (5.8ms)[0m  [1m[35mCREATE UNIQUE INDEX  "index_users_on_email" ON "users"  ("email")[0m
  ↳ db/migrate/20200128215042_create_users.rb:10
  [1m[36mActiveRecord::SchemaMigration Create (2.1ms)[0m  [1m[32mINSERT INTO "schema_migrations" ("version") VALUES ($1) RETURNING "version"[0m  [["version", "20200128215042"]]
  ↳ bin/rails:9
  [1m[35m (3.2ms)[0m  [1m[35mCOMMIT[0m
  ↳ bin/rails:9
  [1m[36mActiveRecord::InternalMetadata Load (2.9ms)[0m  [1m[34mSELECT  "ar_internal_metadata".* FROM "ar_internal_metadata" WHERE "ar_internal_metadata"."key" = $1 LIMIT $2[0m  [["key", "environment"], ["LIMIT", 1]]
  ↳ bin/rails:9
  [1m[35m (10.4ms)[0m  [1m[35mBEGIN[0m
  ↳ bin/rails:9
  [1m[36mActiveRecord::InternalMetadata Create (8.1ms)[0m  [1m[32mINSERT INTO "ar_internal_metadata" ("key", "value", "created_at", "updated_at") VALUES ($1, $2, $3, $4) RETURNING "key"[0m  [["key", "environment"], ["value", "development"], ["created_at", "2020-01-28 21:54:43.943133"], ["updated_at", "2020-01-28 21:54:43.943133"]]
  ↳ bin/rails:9
  [1m[35m (0.5ms)[0m  [1m[35mCOMMIT[0m
  ↳ bin/rails:9
  [1m[35m (0.3ms)[0m  [1m[34mSELECT pg_advisory_unlock(3436136348486319135)[0m
  ↳ bin/rails:9
  [1m[35m (0.4ms)[0m  [1m[34mSELECT "schema_migrations"."version" FROM "schema_migrations" ORDER BY "schema_migrations"."version" ASC[0m
  ↳ bin/rails:9
  [1m[35m (2.0ms)[0m  [1m[34mSELECT "schema_migrations"."version" FROM "schema_migrations" ORDER BY "schema_migrations"."version" ASC[0m
  ↳ /home/andy139/.rbenv/versions/2.5.1/bin/annotate:23
Started GET "/posts" for ::1 at 2020-01-28 14:55:27 -0800
  [1m[35m (4.3ms)[0m  [1m[34mSELECT "schema_migrations"."version" FROM "schema_migrations" ORDER BY "schema_migrations"."version" ASC[0m
  ↳ /home/andy139/.rbenv/versions/2.5.1/lib/ruby/gems/2.5.0/gems/activerecord-5.2.4.1/lib/active_record/log_subscriber.rb:98
  
ActionController::RoutingError (No route matches [GET] "/posts"):
  
actionpack (5.2.4.1) lib/action_dispatch/middleware/debug_exceptions.rb:65:in `call'
web-console (3.7.0) lib/web_console/middleware.rb:135:in `call_app'
web-console (3.7.0) lib/web_console/middleware.rb:30:in `block in call'
web-console (3.7.0) lib/web_console/middleware.rb:20:in `catch'
web-console (3.7.0) lib/web_console/middleware.rb:20:in `call'
actionpack (5.2.4.1) lib/action_dispatch/middleware/show_exceptions.rb:33:in `call'
railties (5.2.4.1) lib/rails/rack/logger.rb:38:in `call_app'
railties (5.2.4.1) lib/rails/rack/logger.rb:26:in `block in call'
activesupport (5.2.4.1) lib/active_support/tagged_logging.rb:71:in `block in tagged'
activesupport (5.2.4.1) lib/active_support/tagged_logging.rb:28:in `tagged'
activesupport (5.2.4.1) lib/active_support/tagged_logging.rb:71:in `tagged'
railties (5.2.4.1) lib/rails/rack/logger.rb:26:in `call'
sprockets-rails (3.2.1) lib/sprockets/rails/quiet_assets.rb:13:in `call'
actionpack (5.2.4.1) lib/action_dispatch/middleware/remote_ip.rb:81:in `call'
actionpack (5.2.4.1) lib/action_dispatch/middleware/request_id.rb:27:in `call'
rack (2.1.2) lib/rack/method_override.rb:24:in `call'
rack (2.1.2) lib/rack/runtime.rb:24:in `call'
activesupport (5.2.4.1) lib/active_support/cache/strategy/local_cache_middleware.rb:29:in `call'
actionpack (5.2.4.1) lib/action_dispatch/middleware/executor.rb:14:in `call'
actionpack (5.2.4.1) lib/action_dispatch/middleware/static.rb:127:in `call'
rack (2.1.2) lib/rack/sendfile.rb:113:in `call'
railties (5.2.4.1) lib/rails/engine.rb:524:in `call'
puma (3.12.2) lib/puma/configuration.rb:227:in `call'
puma (3.12.2) lib/puma/server.rb:674:in `handle_request'
puma (3.12.2) lib/puma/server.rb:476:in `process_client'
puma (3.12.2) lib/puma/server.rb:334:in `block in run'
puma (3.12.2) lib/puma/thread_pool.rb:135:in `block in spawn_thread'
Started GET "/users/new" for ::1 at 2020-01-28 14:55:36 -0800
Processing by UsersController#new as HTML
  Rendering users/new.html.erb within layouts/application
  Rendered users/new.html.erb within layouts/application (0.5ms)
Completed 200 OK in 2995ms (Views: 2994.2ms | ActiveRecord: 0.0ms)


Started GET "/users/new" for ::1 at 2020-01-28 14:56:19 -0800
Processing by UsersController#new as HTML
  Rendering users/new.html.erb within layouts/application
  Rendered users/new.html.erb within layouts/application (0.7ms)
Completed 200 OK in 90ms (Views: 89.0ms | ActiveRecord: 0.0ms)


Started GET "/users/new" for ::1 at 2020-01-28 14:56:20 -0800
Processing by UsersController#new as HTML
  Rendering users/new.html.erb within layouts/application
  Rendered users/new.html.erb within layouts/application (0.5ms)
Completed 200 OK in 48ms (Views: 47.2ms | ActiveRecord: 0.0ms)


Started GET "/users/new" for ::1 at 2020-01-28 14:57:34 -0800
Processing by UsersController#new as HTML
  Rendering users/new.html.erb within layouts/application
  Rendered users/new.html.erb within layouts/application (475.5ms)
Completed 500 Internal Server Error in 497ms (ActiveRecord: 0.0ms)



NameError - undefined local variable or method `button_text' for #<#<Class:0x00007fffdc0dd750>:0x00007f48f85a4c98>
Did you mean?  button_to
               button_tag:
  app/views/users/new.html.erb:17:in `_app_views_users_new_html_erb__1479216799162490419_69975754889540'
  app/controllers/users_controller.rb:4:in `new'

Started GET "/users/new" for ::1 at 2020-01-28 14:57:36 -0800
Processing by UsersController#new as HTML
  Rendering users/new.html.erb within layouts/application
  Rendered users/new.html.erb within layouts/application (695.5ms)
Completed 500 Internal Server Error in 707ms (ActiveRecord: 0.0ms)



NameError - undefined local variable or method `button_text' for #<#<Class:0x00007fffdc0dd750>:0x00007f48f92d8a40>
Did you mean?  button_to
               button_tag:
  app/views/users/new.html.erb:17:in `_app_views_users_new_html_erb__1479216799162490419_69975697541920'
  app/controllers/users_controller.rb:4:in `new'

Started POST "/__better_errors/dec686dde5cbc9d7/variables" for ::1 at 2020-01-28 14:57:37 -0800
Started GET "/users/new" for ::1 at 2020-01-28 14:57:59 -0800
Processing by UsersController#new as HTML
  Rendering users/new.html.erb within layouts/application
  Rendered users/new.html.erb within layouts/application (6.3ms)
Completed 200 OK in 83ms (Views: 81.9ms | ActiveRecord: 0.0ms)


Started POST "/users" for ::1 at 2020-01-28 14:58:10 -0800
Processing by UsersController#create as HTML
  Parameters: {"user"=>{"email"=>"antr900@gmail.com", "password"=>"[FILTERED]"}}
Can't verify CSRF token authenticity.
Completed 422 Unprocessable Entity in 2ms (ActiveRecord: 0.0ms)



ActionController::InvalidAuthenticityToken - ActionController::InvalidAuthenticityToken:

Started POST "/__better_errors/ea608283172c34a0/variables" for ::1 at 2020-01-28 14:58:11 -0800
Started POST "/users" for ::1 at 2020-01-28 15:03:53 -0800
Processing by UsersController#create as HTML
  Parameters: {"user"=>{"email"=>"antr900@gmail.com", "password"=>"[FILTERED]"}}
Can't verify CSRF token authenticity.
Completed 422 Unprocessable Entity in 2ms (ActiveRecord: 0.0ms)



ActionController::InvalidAuthenticityToken - ActionController::InvalidAuthenticityToken:

Started POST "/__better_errors/110601d9120038df/variables" for ::1 at 2020-01-28 15:03:55 -0800
Started GET "/users" for ::1 at 2020-01-28 15:04:01 -0800

AbstractController::ActionNotFound - The action 'index' could not be found for UsersController:

Started POST "/__better_errors/b0d58d5b253e901d/variables" for ::1 at 2020-01-28 15:04:01 -0800
Started GET "/users/new" for ::1 at 2020-01-28 15:04:04 -0800
Processing by UsersController#new as HTML
  Rendering users/new.html.erb within layouts/application
  Rendered users/new.html.erb within layouts/application (0.7ms)
Completed 200 OK in 67ms (Views: 66.7ms | ActiveRecord: 0.0ms)


Started POST "/users" for ::1 at 2020-01-28 15:04:09 -0800
Processing by UsersController#create as HTML
  Parameters: {"authenticity_token"=>"0Afds6aA1IYMi/O0VcXixf7J02SbSALmJFmszU1uwLjH5U+x5NNU6T/Vmc34yo3zSGezvlGmuXpjk9C60oPqyw==", "user"=>{"email"=>"antr900@gmail.com", "password"=>"[FILTERED]"}}
Completed 500 Internal Server Error in 69ms (ActiveRecord: 17.6ms)



NameError - uninitialized constant User::BCrypt:
  app/models/user.rb:37:in `password='
  app/controllers/users_controller.rb:15:in `create'

Started POST "/__better_errors/d36e73733c56f47c/variables" for ::1 at 2020-01-28 15:04:10 -0800
Started GET "/users" for ::1 at 2020-01-28 15:06:51 -0800

AbstractController::ActionNotFound - The action 'index' could not be found for UsersController:

Started POST "/__better_errors/0073ecf37d22f28f/variables" for ::1 at 2020-01-28 15:06:52 -0800
Started GET "/" for ::1 at 2020-01-28 15:07:05 -0800
Processing by Rails::WelcomeController#index as HTML
  Rendering /home/andy139/.rbenv/versions/2.5.1/lib/ruby/gems/2.5.0/gems/railties-5.2.4.1/lib/rails/templates/rails/welcome/index.html.erb
  Rendered /home/andy139/.rbenv/versions/2.5.1/lib/ruby/gems/2.5.0/gems/railties-5.2.4.1/lib/rails/templates/rails/welcome/index.html.erb (3.7ms)
Completed 200 OK in 63ms (Views: 12.0ms | ActiveRecord: 0.0ms)


Started GET "/users/new" for ::1 at 2020-01-28 15:07:09 -0800
Processing by UsersController#new as HTML
  Rendering users/new.html.erb within layouts/application
  Rendered users/new.html.erb within layouts/application (1.1ms)
Completed 200 OK in 69ms (Views: 67.6ms | ActiveRecord: 0.0ms)


Started POST "/users" for ::1 at 2020-01-28 15:07:14 -0800
Processing by UsersController#create as HTML
  Parameters: {"authenticity_token"=>"vUikpPkLVAyE1nHgyFGCxWt/04+RkyJOu5HtAKmvDZOqqjamu1jUY7eIG5llXu3z3dGzVVt9mdL8W5F3NkIn4A==", "user"=>{"email"=>"antr900@gmail.com", "password"=>"[FILTERED]"}}
Completed 500 Internal Server Error in 63ms (ActiveRecord: 3.4ms)



NoMethodError - undefined method `skip_before_action' for #<Class:0x00007f48fa08fc38>:
  app/models/user.rb:20:in `<class:User>'
  app/models/user.rb:13:in `<top (required)>'
  app/controllers/users_controller.rb:15:in `create'

Started POST "/__better_errors/5259e61227a7202a/variables" for ::1 at 2020-01-28 15:07:15 -0800
Started POST "/users" for ::1 at 2020-01-28 15:07:46 -0800
Processing by UsersController#create as HTML
  Parameters: {"authenticity_token"=>"vUikpPkLVAyE1nHgyFGCxWt/04+RkyJOu5HtAKmvDZOqqjamu1jUY7eIG5llXu3z3dGzVVt9mdL8W5F3NkIn4A==", "user"=>{"email"=>"antr900@gmail.com", "password"=>"[FILTERED]"}}
Completed 500 Internal Server Error in 45ms (ActiveRecord: 8.9ms)



NameError - uninitialized constant User::BCrypt:
  app/models/user.rb:38:in `password='
  app/controllers/users_controller.rb:15:in `create'

Started POST "/__better_errors/a8e36a45b22a818e/variables" for ::1 at 2020-01-28 15:07:46 -0800
Started GET "/users" for ::1 at 2020-01-28 15:09:14 -0800

AbstractController::ActionNotFound - The action 'index' could not be found for UsersController:

Started POST "/__better_errors/c5604ab58c110c1b/variables" for ::1 at 2020-01-28 15:09:15 -0800
Started GET "/users/new" for ::1 at 2020-01-28 15:09:20 -0800
Processing by UsersController#new as HTML
  Rendering users/new.html.erb within layouts/application
  Rendered users/new.html.erb within layouts/application (1.1ms)
Completed 200 OK in 69ms (Views: 67.9ms | ActiveRecord: 0.0ms)


Started POST "/users" for ::1 at 2020-01-28 15:09:24 -0800
Processing by UsersController#create as HTML
  Parameters: {"authenticity_token"=>"dZXKwaoGDN1oFuv0IeOsfNFgdZ2aOL1EfqZKVeOMMwVid1jD6FWMsltIgY2M7MNKZ84VR1DWBtg5bDYifGEZdg==", "user"=>{"email"=>"antr900@gmail.com", "password"=>"[FILTERED]"}}
Completed 500 Internal Server Error in 46ms (ActiveRecord: 12.9ms)



NameError - uninitialized constant User::BCrypt:
  app/models/user.rb:38:in `password='
  app/controllers/users_controller.rb:15:in `create'

Started POST "/__better_errors/f2a1bba09b467835/variables" for ::1 at 2020-01-28 15:09:25 -0800
Started POST "/users" for ::1 at 2020-01-28 15:10:58 -0800
Processing by UsersController#create as HTML
  Parameters: {"authenticity_token"=>"dZXKwaoGDN1oFuv0IeOsfNFgdZ2aOL1EfqZKVeOMMwVid1jD6FWMsltIgY2M7MNKZ84VR1DWBtg5bDYifGEZdg==", "user"=>{"email"=>"antr900@gmail.com", "password"=>"[FILTERED]"}}
Completed 500 Internal Server Error in 8ms (ActiveRecord: 0.0ms)



NameError - uninitialized constant User::BCrypt:
  app/models/user.rb:38:in `password='
  app/controllers/users_controller.rb:15:in `create'

Started POST "/__better_errors/f02fe6897c3f6203/variables" for ::1 at 2020-01-28 15:10:58 -0800
Started GET "/users/new" for ::1 at 2020-01-28 15:11:01 -0800
Processing by UsersController#new as HTML
  Rendering users/new.html.erb within layouts/application
  Rendered users/new.html.erb within layouts/application (0.6ms)
Completed 200 OK in 45ms (Views: 44.7ms | ActiveRecord: 0.0ms)


Started POST "/users" for ::1 at 2020-01-28 15:11:05 -0800
Processing by UsersController#create as HTML
  Parameters: {"authenticity_token"=>"Rg8Fs12EZReKaeS5uLAyL8YJ53XlNfmUKzljtUPOqWVR7ZexH9fleLk3jsAVv10ZcKeHry/bQghs8x/C3CODFg==", "user"=>{"email"=>"21213", "password"=>"[FILTERED]"}}
Completed 500 Internal Server Error in 6ms (ActiveRecord: 0.0ms)



NameError - uninitialized constant User::BCrypt:
  app/models/user.rb:38:in `password='
  app/controllers/users_controller.rb:15:in `create'

Started POST "/__better_errors/7e72498fc81afeaa/variables" for ::1 at 2020-01-28 15:11:05 -0800
  [1m[35m (10.8ms)[0m  [1m[35mCREATE DATABASE "music_app_3_development" ENCODING = 'unicode'[0m
  ↳ bin/rails:9
  [1m[35m (11.4ms)[0m  [1m[35mCREATE DATABASE "music_app_3_test" ENCODING = 'unicode'[0m
  ↳ bin/rails:9
  [1m[35m (2.3ms)[0m  [1m[34mSELECT "schema_migrations"."version" FROM "schema_migrations" ORDER BY "schema_migrations"."version" ASC[0m
  ↳ bin/rails:9
  [1m[35m (1.9ms)[0m  [1m[34mSELECT "ar_internal_metadata"."value" FROM "ar_internal_metadata" WHERE "ar_internal_metadata"."key" = $1[0m  [["key", "environment"]]
  ↳ bin/rails:9
  [1m[35m (0.4ms)[0m  [1m[34mSELECT "schema_migrations"."version" FROM "schema_migrations" ORDER BY "schema_migrations"."version" ASC[0m
  ↳ bin/rails:9
  [1m[35m (0.3ms)[0m  [1m[34mSELECT "ar_internal_metadata"."value" FROM "ar_internal_metadata" WHERE "ar_internal_metadata"."key" = $1[0m  [["key", "environment"]]
  ↳ bin/rails:9
  [1m[35m (0.3ms)[0m  [1m[34mSELECT "schema_migrations"."version" FROM "schema_migrations" ORDER BY "schema_migrations"."version" ASC[0m
  ↳ bin/rails:9
  [1m[35m (0.2ms)[0m  [1m[34mSELECT "ar_internal_metadata"."value" FROM "ar_internal_metadata" WHERE "ar_internal_metadata"."key" = $1[0m  [["key", "environment"]]
  ↳ bin/rails:9
  [1m[35mSQL (1.1ms)[0m  [1m[35mCREATE EXTENSION IF NOT EXISTS "plpgsql"[0m
  ↳ db/schema.rb:16
  [1m[35m (12.5ms)[0m  [1m[35mDROP TABLE IF EXISTS "users" CASCADE[0m
  ↳ db/schema.rb:18
  [1m[35m (26.9ms)[0m  [1m[35mCREATE TABLE "users" ("id" bigserial primary key, "email" character varying NOT NULL, "password_digest" character varying NOT NULL, "session_token" character varying NOT NULL, "created_at" timestamp NOT NULL, "updated_at" timestamp NOT NULL)[0m
  ↳ db/schema.rb:18
  [1m[35m (4.1ms)[0m  [1m[35mCREATE UNIQUE INDEX  "index_users_on_email" ON "users"  ("email")[0m
  ↳ db/schema.rb:18
  [1m[35m (4.1ms)[0m  [1m[34mSELECT "schema_migrations"."version" FROM "schema_migrations" ORDER BY "schema_migrations"."version" ASC[0m
  ↳ db/schema.rb:13
  [1m[36mActiveRecord::InternalMetadata Load (1.5ms)[0m  [1m[34mSELECT  "ar_internal_metadata".* FROM "ar_internal_metadata" WHERE "ar_internal_metadata"."key" = $1 LIMIT $2[0m  [["key", "environment"], ["LIMIT", 1]]
  ↳ db/schema.rb:13
  [1m[35m (0.2ms)[0m  [1m[35mBEGIN[0m
  ↳ db/schema.rb:13
  [1m[35m (0.3ms)[0m  [1m[35mCOMMIT[0m
  ↳ db/schema.rb:13
  [1m[36mActiveRecord::InternalMetadata Load (0.4ms)[0m  [1m[34mSELECT  "ar_internal_metadata".* FROM "ar_internal_metadata" WHERE "ar_internal_metadata"."key" = $1 LIMIT $2[0m  [["key", "environment"], ["LIMIT", 1]]
  ↳ bin/rails:9
  [1m[35m (0.2ms)[0m  [1m[35mBEGIN[0m
  ↳ bin/rails:9
  [1m[35m (0.3ms)[0m  [1m[35mCOMMIT[0m
  ↳ bin/rails:9
  [1m[35mSQL (2.5ms)[0m  [1m[35mCREATE EXTENSION IF NOT EXISTS "plpgsql"[0m
  ↳ db/schema.rb:16
  [1m[35m (0.4ms)[0m  [1m[35mDROP TABLE IF EXISTS "users" CASCADE[0m
  ↳ db/schema.rb:18
  [1m[35m (40.5ms)[0m  [1m[35mCREATE TABLE "users" ("id" bigserial primary key, "email" character varying NOT NULL, "password_digest" character varying NOT NULL, "session_token" character varying NOT NULL, "created_at" timestamp NOT NULL, "updated_at" timestamp NOT NULL)[0m
  ↳ db/schema.rb:18
  [1m[35m (8.8ms)[0m  [1m[35mCREATE UNIQUE INDEX  "index_users_on_email" ON "users"  ("email")[0m
  ↳ db/schema.rb:18
  [1m[35m (8.2ms)[0m  [1m[35mCREATE TABLE "schema_migrations" ("version" character varying NOT NULL PRIMARY KEY)[0m
  ↳ db/schema.rb:13
  [1m[35m (1.3ms)[0m  [1m[34mSELECT "schema_migrations"."version" FROM "schema_migrations" ORDER BY "schema_migrations"."version" ASC[0m
  ↳ db/schema.rb:13
  [1m[35m (1.0ms)[0m  [1m[32mINSERT INTO "schema_migrations" (version) VALUES (20200128215042)[0m
  ↳ db/schema.rb:13
  [1m[35m (11.1ms)[0m  [1m[35mCREATE TABLE "ar_internal_metadata" ("key" character varying NOT NULL PRIMARY KEY, "value" character varying, "created_at" timestamp NOT NULL, "updated_at" timestamp NOT NULL)[0m
  ↳ db/schema.rb:13
  [1m[36mActiveRecord::InternalMetadata Load (1.3ms)[0m  [1m[34mSELECT  "ar_internal_metadata".* FROM "ar_internal_metadata" WHERE "ar_internal_metadata"."key" = $1 LIMIT $2[0m  [["key", "environment"], ["LIMIT", 1]]
  ↳ db/schema.rb:13
  [1m[35m (0.4ms)[0m  [1m[35mBEGIN[0m
  ↳ db/schema.rb:13
  [1m[36mActiveRecord::InternalMetadata Create (0.8ms)[0m  [1m[32mINSERT INTO "ar_internal_metadata" ("key", "value", "created_at", "updated_at") VALUES ($1, $2, $3, $4) RETURNING "key"[0m  [["key", "environment"], ["value", "development"], ["created_at", "2020-01-28 23:19:17.417971"], ["updated_at", "2020-01-28 23:19:17.417971"]]
  ↳ db/schema.rb:13
  [1m[35m (0.3ms)[0m  [1m[35mCOMMIT[0m
  ↳ db/schema.rb:13
  [1m[36mActiveRecord::InternalMetadata Load (0.2ms)[0m  [1m[34mSELECT  "ar_internal_metadata".* FROM "ar_internal_metadata" WHERE "ar_internal_metadata"."key" = $1 LIMIT $2[0m  [["key", "environment"], ["LIMIT", 1]]
  ↳ bin/rails:9
  [1m[35m (0.1ms)[0m  [1m[35mBEGIN[0m
  ↳ bin/rails:9
  [1m[36mActiveRecord::InternalMetadata Update (0.4ms)[0m  [1m[33mUPDATE "ar_internal_metadata" SET "value" = $1, "updated_at" = $2 WHERE "ar_internal_metadata"."key" = $3[0m  [["value", "test"], ["updated_at", "2020-01-28 23:19:17.422464"], ["key", "environment"]]
  ↳ bin/rails:9
  [1m[35m (0.3ms)[0m  [1m[35mCOMMIT[0m
  ↳ bin/rails:9
  [1m[35m (3.9ms)[0m  [1m[34mSELECT "schema_migrations"."version" FROM "schema_migrations" ORDER BY "schema_migrations"."version" ASC[0m
  ↳ bin/rails:9
  [1m[36mUser Load (2.1ms)[0m  [1m[34mSELECT "users".* FROM "users"[0m
  [1m[36mUser Load (4.9ms)[0m  [1m[34mSELECT "users".* FROM "users"[0m
  [1m[36mUser Load (0.6ms)[0m  [1m[34mSELECT  "users".* FROM "users" ORDER BY "users"."id" ASC LIMIT $1[0m  [["LIMIT", 1]]
  [1m[36mUser Load (2.4ms)[0m  [1m[34mSELECT "users".* FROM "users"[0m
  [1m[36mUser Load (1.7ms)[0m  [1m[34mSELECT "users".* FROM "users"[0m
Started GET "/users" for ::1 at 2020-01-28 15:31:05 -0800

AbstractController::ActionNotFound - The action 'index' could not be found for UsersController:

Started POST "/__better_errors/a4d5bf14b0ebec79/variables" for ::1 at 2020-01-28 15:31:06 -0800
Started GET "/users" for ::1 at 2020-01-28 15:31:10 -0800

AbstractController::ActionNotFound - The action 'index' could not be found for UsersController:

Started POST "/__better_errors/c51dbbebd0d682cb/variables" for ::1 at 2020-01-28 15:31:10 -0800
Started GET "/users/new" for ::1 at 2020-01-28 15:31:24 -0800
Processing by UsersController#new as HTML
  Rendering users/new.html.erb within layouts/application
  Rendered users/new.html.erb within layouts/application (2.6ms)
Completed 200 OK in 86ms (Views: 84.9ms | ActiveRecord: 0.0ms)


Started POST "/users" for ::1 at 2020-01-28 15:31:30 -0800
Processing by UsersController#create as HTML
  Parameters: {"authenticity_token"=>"Vo9NXX+vDnd4kVLvfFvmKfgbkh92Z4ZRxcUhT4yvVrhBbd9fPfyOGEvPOJbRVIkfTrXyxbyJPc2CD104E0J8yw==", "user"=>{"email"=>"andy139@gmail.com", "password"=>"[FILTERED]"}}
Completed 500 Internal Server Error in 43ms (ActiveRecord: 21.8ms)



NameError - uninitialized constant User::BCrypt:
  app/models/user.rb:39:in `password='
  app/controllers/users_controller.rb:15:in `create'

Started POST "/__better_errors/1acfa4e94d0a833a/variables" for ::1 at 2020-01-28 15:31:31 -0800
Started GET "/users/new" for ::1 at 2020-01-28 15:32:15 -0800
  [1m[35m (1.8ms)[0m  [1m[34mSELECT "schema_migrations"."version" FROM "schema_migrations" ORDER BY "schema_migrations"."version" ASC[0m
  ↳ /home/andy139/.rbenv/versions/2.5.1/lib/ruby/gems/2.5.0/gems/activerecord-5.2.4.1/lib/active_record/log_subscriber.rb:98
Processing by UsersController#new as HTML
  Rendering users/new.html.erb within layouts/application
  Rendered users/new.html.erb within layouts/application (2.0ms)
Completed 200 OK in 784ms (Views: 777.3ms | ActiveRecord: 0.0ms)


Started POST "/users" for ::1 at 2020-01-28 15:32:21 -0800
Processing by UsersController#create as HTML
  Parameters: {"authenticity_token"=>"s/Yv1mWdgX6MXyMUc1SzYA0E1YlkRpGmthpTOTjhaOWkFL3UJ84BEb8BSW3eW9xWu6q1U66oKjrx0C9OpwxClg==", "user"=>{"email"=>"andy139", "password"=>"[FILTERED]"}}
  [1m[35m (0.2ms)[0m  [1m[35mBEGIN[0m
  ↳ app/controllers/users_controller.rb:17
  [1m[36mUser Exists (1.8ms)[0m  [1m[34mSELECT  1 AS one FROM "users" WHERE "users"."session_token" = $1 LIMIT $2[0m  [["session_token", "oQX6Ms0HGqqBhIDVEQfFWw"], ["LIMIT", 1]]
  ↳ app/controllers/users_controller.rb:17
  [1m[36mUser Create (8.2ms)[0m  [1m[32mINSERT INTO "users" ("email", "password_digest", "session_token", "created_at", "updated_at") VALUES ($1, $2, $3, $4, $5) RETURNING "id"[0m  [["email", "andy139"], ["password_digest", "$2a$12$bkjQ4byQKme7BlXKC2Y/r..iDX4b8GM4z.ICQqoGODbWmfLxwso8K"], ["session_token", "oQX6Ms0HGqqBhIDVEQfFWw"], ["created_at", "2020-01-28 23:32:21.869760"], ["updated_at", "2020-01-28 23:32:21.869760"]]
  ↳ app/controllers/users_controller.rb:17
  [1m[35m (1.3ms)[0m  [1m[35mCOMMIT[0m
  ↳ app/controllers/users_controller.rb:17
Redirected to http://localhost:3000/users/1
Completed 302 Found in 345ms (ActiveRecord: 25.3ms)


Started GET "/users/1" for ::1 at 2020-01-28 15:32:21 -0800
Processing by UsersController#show as HTML
  Parameters: {"id"=>"1"}
  [1m[36mUser Load (0.8ms)[0m  [1m[34mSELECT  "users".* FROM "users" WHERE "users"."id" = $1 LIMIT $2[0m  [["id", 1], ["LIMIT", 1]]
  ↳ app/controllers/users_controller.rb:8
  Rendering users/show.html.erb within layouts/application
  Rendered users/show.html.erb within layouts/application (26.0ms)
Completed 500 Internal Server Error in 45ms (ActiveRecord: 1.0ms)



NoMethodError - undefined method `username' for #<User:0x00007f73e014e9b0>:
  app/views/users/show.html.erb:7:in `_app_views_users_show_html_erb___2274065776869225575_70067802916900'
  app/controllers/users_controller.rb:9:in `show'

Started POST "/__better_errors/8b3cec95fc7587fe/variables" for ::1 at 2020-01-28 15:32:22 -0800
Started GET "/users/1" for ::1 at 2020-01-28 15:32:54 -0800
Processing by UsersController#show as HTML
  Parameters: {"id"=>"1"}
  [1m[36mUser Load (0.6ms)[0m  [1m[34mSELECT  "users".* FROM "users" WHERE "users"."id" = $1 LIMIT $2[0m  [["id", 1], ["LIMIT", 1]]
  ↳ app/controllers/users_controller.rb:8
  Rendering users/show.html.erb within layouts/application
  Rendered users/show.html.erb within layouts/application (1.2ms)
Completed 200 OK in 97ms (Views: 93.3ms | ActiveRecord: 0.6ms)


Started GET "/users/new" for ::1 at 2020-01-28 16:19:40 -0800
Processing by UsersController#new as HTML
  Rendering users/new.html.erb within layouts/application
  Rendered users/new.html.erb within layouts/application (1.1ms)
Completed 200 OK in 68ms (Views: 67.3ms | ActiveRecord: 0.0ms)


Started GET "/session/new" for ::1 at 2020-01-28 16:19:48 -0800
Processing by SessionsController#new as HTML
  Rendering sessions/new.html.erb within layouts/application
  Rendered sessions/new.html.erb within layouts/application (0.9ms)
Completed 200 OK in 68ms (Views: 67.1ms | ActiveRecord: 0.0ms)


Started POST "/session" for ::1 at 2020-01-28 16:19:57 -0800
Processing by SessionsController#create as HTML
  Parameters: {"user"=>{"email"=>"andy139", "password"=>"[FILTERED]"}}
Can't verify CSRF token authenticity.
Completed 422 Unprocessable Entity in 2ms (ActiveRecord: 0.0ms)



ActionController::InvalidAuthenticityToken - ActionController::InvalidAuthenticityToken:

Started POST "/__better_errors/b4037a83a90bc44c/variables" for ::1 at 2020-01-28 16:19:57 -0800
Started GET "/session/new" for ::1 at 2020-01-28 16:21:00 -0800
Processing by SessionsController#new as HTML
  Rendering sessions/new.html.erb within layouts/application
  Rendered sessions/new.html.erb within layouts/application (0.8ms)
Completed 200 OK in 58ms (Views: 57.6ms | ActiveRecord: 0.0ms)


Started POST "/session" for ::1 at 2020-01-28 16:21:06 -0800
Processing by SessionsController#create as HTML
  Parameters: {"authenticity_token"=>"Yo6sINEgoCRmZptGKKgsTw2xkZrIujFXb6oG6oRjXHx1bD4ik3MgS1U48T+Fp0N5ux/xQAJUissoYHqdG452Dw==", "user"=>{"email"=>"andy139", "password"=>"[FILTERED]"}}
  [1m[36mUser Load (2.9ms)[0m  [1m[34mSELECT  "users".* FROM "users" WHERE "users"."email" = $1 LIMIT $2[0m  [["email", "andy139"], ["LIMIT", 1]]
  ↳ app/models/user.rb:49
  [1m[35m (0.2ms)[0m  [1m[35mBEGIN[0m
  ↳ app/models/user.rb:29
  [1m[36mUser Exists (0.5ms)[0m  [1m[34mSELECT  1 AS one FROM "users" WHERE "users"."session_token" = $1 AND "users"."id" != $2 LIMIT $3[0m  [["session_token", "4PEI454mKgBAc_Iz7Z4TOA"], ["id", 1], ["LIMIT", 1]]
  ↳ app/models/user.rb:29
  [1m[36mUser Update (0.7ms)[0m  [1m[33mUPDATE "users" SET "session_token" = $1, "updated_at" = $2 WHERE "users"."id" = $3[0m  [["session_token", "4PEI454mKgBAc_Iz7Z4TOA"], ["updated_at", "2020-01-29 00:21:06.406297"], ["id", 1]]
  ↳ app/models/user.rb:29
  [1m[35m (3.8ms)[0m  [1m[35mCOMMIT[0m
  ↳ app/models/user.rb:29
Redirected to http://localhost:3000/users/1
Completed 302 Found in 380ms (ActiveRecord: 32.1ms)


Started GET "/users/1" for ::1 at 2020-01-28 16:21:06 -0800
Processing by UsersController#show as HTML
  Parameters: {"id"=>"1"}
  [1m[36mUser Load (0.3ms)[0m  [1m[34mSELECT  "users".* FROM "users" WHERE "users"."id" = $1 LIMIT $2[0m  [["id", 1], ["LIMIT", 1]]
  ↳ app/controllers/users_controller.rb:8
  Rendering users/show.html.erb within layouts/application
  Rendered users/show.html.erb within layouts/application (0.6ms)
Completed 200 OK in 39ms (Views: 36.1ms | ActiveRecord: 0.3ms)


Started POST "/session" for ::1 at 2020-01-28 16:21:14 -0800
Processing by SessionsController#create as HTML
  Parameters: {"authenticity_token"=>"Yo6sINEgoCRmZptGKKgsTw2xkZrIujFXb6oG6oRjXHx1bD4ik3MgS1U48T+Fp0N5ux/xQAJUissoYHqdG452Dw==", "user"=>{"email"=>"andy139", "password"=>"[FILTERED]"}}
  [1m[36mUser Load (0.4ms)[0m  [1m[34mSELECT  "users".* FROM "users" WHERE "users"."email" = $1 LIMIT $2[0m  [["email", "andy139"], ["LIMIT", 1]]
  ↳ app/models/user.rb:49
Completed 500 Internal Server Error in 558ms (ActiveRecord: 0.4ms)



NameError - undefined local variable or method `session_new_url' for #<SessionsController:0x00007f73e0255908>
Did you mean?  session_url:
  app/controllers/sessions_controller.rb:18:in `create'

Started POST "/__better_errors/4cdbb8d53ed7d952/variables" for ::1 at 2020-01-28 16:21:15 -0800
Started GET "/session/new" for ::1 at 2020-01-28 16:22:04 -0800
Processing by SessionsController#new as HTML
  Rendering sessions/new.html.erb within layouts/application
  Rendered sessions/new.html.erb within layouts/application (4.5ms)
Completed 200 OK in 58ms (Views: 56.3ms | ActiveRecord: 0.0ms)


Started POST "/session" for ::1 at 2020-01-28 16:22:10 -0800
Processing by SessionsController#create as HTML
  Parameters: {"authenticity_token"=>"sKcGW6XtaWK/+Jj2ozF7W21EaKAYdTGSevjoQBCBHeinRZRZ577pDYym8o8OPhRt2+oIetKbig49MpQ3j2w3mw==", "user"=>{"email"=>"andy139", "password"=>"[FILTERED]"}}
  [1m[36mUser Load (0.3ms)[0m  [1m[34mSELECT  "users".* FROM "users" WHERE "users"."email" = $1 LIMIT $2[0m  [["email", "andy139"], ["LIMIT", 1]]
  ↳ app/models/user.rb:49
Redirected to http://localhost:3000/session/new
Completed 302 Found in 309ms (ActiveRecord: 6.2ms)


Started GET "/session/new" for ::1 at 2020-01-28 16:22:10 -0800
Processing by SessionsController#new as HTML
  Rendering sessions/new.html.erb within layouts/application
  Rendered sessions/new.html.erb within layouts/application (0.7ms)
Completed 200 OK in 41ms (Views: 40.5ms | ActiveRecord: 0.0ms)


Started POST "/session" for ::1 at 2020-01-28 16:23:35 -0800
Processing by SessionsController#create as HTML
  Parameters: {"authenticity_token"=>"BbX2Fk9RpmVNRxNuMqsgT4QwbGfaPajeIMH48+ViZVsSV2QUDQImCn4ZeRefpE95Mp4MvRDTE0JnC4SEeo9PKA==", "user"=>{"email"=>"andy139", "password"=>"[FILTERED]"}}
  [1m[36mUser Load (0.4ms)[0m  [1m[34mSELECT  "users".* FROM "users" WHERE "users"."email" = $1 LIMIT $2[0m  [["email", "andy139"], ["LIMIT", 1]]
  ↳ app/models/user.rb:49
  [1m[35m (5.1ms)[0m  [1m[35mBEGIN[0m
  ↳ app/models/user.rb:29
  [1m[36mUser Exists (0.5ms)[0m  [1m[34mSELECT  1 AS one FROM "users" WHERE "users"."session_token" = $1 AND "users"."id" != $2 LIMIT $3[0m  [["session_token", "EWkM-fETVuqOro5OLU9u0w"], ["id", 1], ["LIMIT", 1]]
  ↳ app/models/user.rb:29
  [1m[36mUser Update (0.6ms)[0m  [1m[33mUPDATE "users" SET "session_token" = $1, "updated_at" = $2 WHERE "users"."id" = $3[0m  [["session_token", "EWkM-fETVuqOro5OLU9u0w"], ["updated_at", "2020-01-29 00:23:35.487551"], ["id", 1]]
  ↳ app/models/user.rb:29
  [1m[35m (6.0ms)[0m  [1m[35mCOMMIT[0m
  ↳ app/models/user.rb:29
Redirected to http://localhost:3000/users/1
Completed 302 Found in 342ms (ActiveRecord: 16.8ms)


Started GET "/users/1" for ::1 at 2020-01-28 16:23:35 -0800
Processing by UsersController#show as HTML
  Parameters: {"id"=>"1"}
  [1m[36mUser Load (0.4ms)[0m  [1m[34mSELECT  "users".* FROM "users" WHERE "users"."id" = $1 LIMIT $2[0m  [["id", 1], ["LIMIT", 1]]
  ↳ app/controllers/users_controller.rb:8
  Rendering users/show.html.erb within layouts/application
  Rendered users/show.html.erb within layouts/application (0.9ms)
Completed 200 OK in 79ms (Views: 74.7ms | ActiveRecord: 0.4ms)


Started GET "/users/1" for ::1 at 2020-01-28 16:25:06 -0800
Processing by UsersController#show as HTML
  Parameters: {"id"=>"1"}
  [1m[36mUser Load (0.8ms)[0m  [1m[34mSELECT  "users".* FROM "users" WHERE "users"."id" = $1 LIMIT $2[0m  [["id", 1], ["LIMIT", 1]]
  ↳ app/controllers/users_controller.rb:8
  Rendering users/show.html.erb within layouts/application
  Rendered users/show.html.erb within layouts/application (1.4ms)
Completed 200 OK in 92ms (Views: 86.7ms | ActiveRecord: 0.8ms)


Started GET "/users/1" for ::1 at 2020-01-28 16:32:24 -0800
Processing by UsersController#show as HTML
  Parameters: {"id"=>"1"}
  [1m[36mUser Load (2.1ms)[0m  [1m[34mSELECT  "users".* FROM "users" WHERE "users"."id" = $1 LIMIT $2[0m  [["id", 1], ["LIMIT", 1]]
  ↳ app/controllers/users_controller.rb:8
  Rendering users/show.html.erb within layouts/application
  Rendered users/show.html.erb within layouts/application (0.8ms)
Completed 500 Internal Server Error in 14ms (ActiveRecord: 2.3ms)



SyntaxError - syntax error, unexpected keyword_ensure, expecting keyword_end
          ensure
          ^~~~~~
/mnt/c/Users/antr9/Desktop/Ruby/aA_Classwork/W7D2/music_app_3/app/views/layouts/application.html.erb:30: syntax error, unexpected end-of-input, expecting keyword_end
          end
             ^:
  app/views/layouts/application.html.erb:28:in `'
  app/controllers/users_controller.rb:9:in `show'

Started POST "/__better_errors/870d6c70903954f7/variables" for ::1 at 2020-01-28 16:32:26 -0800
Started GET "/users/" for ::1 at 2020-01-28 16:33:02 -0800

AbstractController::ActionNotFound - The action 'index' could not be found for UsersController:

Started POST "/__better_errors/14a9e4912e5c3a76/variables" for ::1 at 2020-01-28 16:33:03 -0800
Started GET "/users/new" for ::1 at 2020-01-28 16:33:16 -0800
Processing by UsersController#new as HTML
  Rendering users/new.html.erb within layouts/application
  Rendered users/new.html.erb within layouts/application (0.7ms)
Completed 500 Internal Server Error in 36ms (ActiveRecord: 0.0ms)



SyntaxError - syntax error, unexpected keyword_ensure, expecting keyword_end
          ensure
          ^~~~~~
/mnt/c/Users/antr9/Desktop/Ruby/aA_Classwork/W7D2/music_app_3/app/views/layouts/application.html.erb:30: syntax error, unexpected end-of-input, expecting keyword_end
          end
             ^:
  app/views/layouts/application.html.erb:28:in `'
  app/controllers/users_controller.rb:4:in `new'

Started POST "/__better_errors/9cb6cb939714044d/variables" for ::1 at 2020-01-28 16:33:18 -0800
Started GET "/users/new" for ::1 at 2020-01-28 16:33:44 -0800
Processing by UsersController#new as HTML
  Rendering users/new.html.erb within layouts/application
  Rendered users/new.html.erb within layouts/application (0.9ms)
  [1m[36mUser Load (0.6ms)[0m  [1m[34mSELECT  "users".* FROM "users" WHERE "users"."session_token" = $1 LIMIT $2[0m  [["session_token", "EWkM-fETVuqOro5OLU9u0w"], ["LIMIT", 1]]
  ↳ app/controllers/application_controller.rb:6
Completed 200 OK in 120ms (Views: 118.9ms | ActiveRecord: 0.6ms)


Started DELETE "/session" for ::1 at 2020-01-28 16:34:13 -0800
Processing by SessionsController#destroy as HTML
Can't verify CSRF token authenticity.
Completed 422 Unprocessable Entity in 1ms (ActiveRecord: 0.0ms)



ActionController::InvalidAuthenticityToken - ActionController::InvalidAuthenticityToken:

Started POST "/__better_errors/6ad807f76e91afd2/variables" for ::1 at 2020-01-28 16:34:14 -0800
Started GET "/users/" for ::1 at 2020-01-28 16:34:37 -0800

AbstractController::ActionNotFound - The action 'index' could not be found for UsersController:

Started POST "/__better_errors/2970ae0312e86607/variables" for ::1 at 2020-01-28 16:34:38 -0800
Started GET "/users/new" for ::1 at 2020-01-28 16:35:23 -0800
Processing by UsersController#new as HTML
  Rendering users/new.html.erb within layouts/application
  Rendered users/new.html.erb within layouts/application (0.6ms)
  [1m[36mUser Load (0.6ms)[0m  [1m[34mSELECT  "users".* FROM "users" WHERE "users"."session_token" = $1 LIMIT $2[0m  [["session_token", "EWkM-fETVuqOro5OLU9u0w"], ["LIMIT", 1]]
  ↳ app/controllers/application_controller.rb:6
Completed 200 OK in 72ms (Views: 69.5ms | ActiveRecord: 0.6ms)


Started DELETE "/session" for ::1 at 2020-01-28 16:36:05 -0800
Processing by SessionsController#destroy as HTML
Can't verify CSRF token authenticity.
Completed 422 Unprocessable Entity in 1ms (ActiveRecord: 0.0ms)



ActionController::InvalidAuthenticityToken - ActionController::InvalidAuthenticityToken:

Started POST "/__better_errors/6b12bdbff7cbe268/variables" for ::1 at 2020-01-28 16:36:06 -0800
Started DELETE "/session" for ::1 at 2020-01-28 16:36:52 -0800
Processing by SessionsController#destroy as HTML
Can't verify CSRF token authenticity.
Completed 422 Unprocessable Entity in 2ms (ActiveRecord: 0.0ms)



ActionController::InvalidAuthenticityToken - ActionController::InvalidAuthenticityToken:

Started POST "/__better_errors/9d970a323998fcf0/variables" for ::1 at 2020-01-28 16:36:52 -0800
Started DELETE "/session" for ::1 at 2020-01-28 16:37:08 -0800
Processing by SessionsController#destroy as HTML
Can't verify CSRF token authenticity.
Completed 422 Unprocessable Entity in 1ms (ActiveRecord: 0.0ms)



ActionController::InvalidAuthenticityToken - ActionController::InvalidAuthenticityToken:

Started POST "/__better_errors/3bbf191f0be57b9d/variables" for ::1 at 2020-01-28 16:37:09 -0800
Started DELETE "/session" for ::1 at 2020-01-28 16:37:12 -0800
Processing by SessionsController#destroy as HTML
Can't verify CSRF token authenticity.
Completed 422 Unprocessable Entity in 1ms (ActiveRecord: 0.0ms)



ActionController::InvalidAuthenticityToken - ActionController::InvalidAuthenticityToken:

Started POST "/__better_errors/0ca5ffaa68906a4b/variables" for ::1 at 2020-01-28 16:37:13 -0800
Started GET "/session" for ::1 at 2020-01-28 16:38:22 -0800
  
ActionController::RoutingError (No route matches [GET] "/session"):
  
actionpack (5.2.4.1) lib/action_dispatch/middleware/debug_exceptions.rb:65:in `call'
web-console (3.7.0) lib/web_console/middleware.rb:135:in `call_app'
web-console (3.7.0) lib/web_console/middleware.rb:30:in `block in call'
web-console (3.7.0) lib/web_console/middleware.rb:20:in `catch'
web-console (3.7.0) lib/web_console/middleware.rb:20:in `call'
actionpack (5.2.4.1) lib/action_dispatch/middleware/show_exceptions.rb:33:in `call'
railties (5.2.4.1) lib/rails/rack/logger.rb:38:in `call_app'
railties (5.2.4.1) lib/rails/rack/logger.rb:26:in `block in call'
activesupport (5.2.4.1) lib/active_support/tagged_logging.rb:71:in `block in tagged'
activesupport (5.2.4.1) lib/active_support/tagged_logging.rb:28:in `tagged'
activesupport (5.2.4.1) lib/active_support/tagged_logging.rb:71:in `tagged'
railties (5.2.4.1) lib/rails/rack/logger.rb:26:in `call'
sprockets-rails (3.2.1) lib/sprockets/rails/quiet_assets.rb:13:in `call'
actionpack (5.2.4.1) lib/action_dispatch/middleware/remote_ip.rb:81:in `call'
actionpack (5.2.4.1) lib/action_dispatch/middleware/request_id.rb:27:in `call'
rack (2.1.2) lib/rack/method_override.rb:24:in `call'
rack (2.1.2) lib/rack/runtime.rb:24:in `call'
activesupport (5.2.4.1) lib/active_support/cache/strategy/local_cache_middleware.rb:29:in `call'
actionpack (5.2.4.1) lib/action_dispatch/middleware/executor.rb:14:in `call'
actionpack (5.2.4.1) lib/action_dispatch/middleware/static.rb:127:in `call'
rack (2.1.2) lib/rack/sendfile.rb:113:in `call'
railties (5.2.4.1) lib/rails/engine.rb:524:in `call'
puma (3.12.2) lib/puma/configuration.rb:227:in `call'
puma (3.12.2) lib/puma/server.rb:674:in `handle_request'
puma (3.12.2) lib/puma/server.rb:476:in `process_client'
puma (3.12.2) lib/puma/server.rb:334:in `block in run'
puma (3.12.2) lib/puma/thread_pool.rb:135:in `block in spawn_thread'
Started GET "/session/new" for ::1 at 2020-01-28 16:38:29 -0800
Processing by SessionsController#new as HTML
  Rendering sessions/new.html.erb within layouts/application
  Rendered sessions/new.html.erb within layouts/application (1.0ms)
  [1m[36mUser Load (0.4ms)[0m  [1m[34mSELECT  "users".* FROM "users" WHERE "users"."session_token" = $1 LIMIT $2[0m  [["session_token", "EWkM-fETVuqOro5OLU9u0w"], ["LIMIT", 1]]
  ↳ app/controllers/application_controller.rb:6
Completed 200 OK in 67ms (Views: 65.3ms | ActiveRecord: 0.4ms)


Started DELETE "/session" for ::1 at 2020-01-28 16:38:31 -0800
Processing by SessionsController#destroy as HTML
  Parameters: {"authenticity_token"=>"QiycVaghmAbbdOkGXoZc2SyULRbORJSH8mWKcv4OSkJVzg5X6nIYaegqg3/ziTPvmjpNzASqLxu1r/YFYeNgMQ=="}
  [1m[36mUser Load (0.5ms)[0m  [1m[34mSELECT  "users".* FROM "users" WHERE "users"."session_token" = $1 LIMIT $2[0m  [["session_token", "EWkM-fETVuqOro5OLU9u0w"], ["LIMIT", 1]]
  ↳ app/controllers/application_controller.rb:6
  [1m[35m (0.3ms)[0m  [1m[35mBEGIN[0m
  ↳ app/models/user.rb:29
  [1m[36mUser Exists (0.6ms)[0m  [1m[34mSELECT  1 AS one FROM "users" WHERE "users"."session_token" = $1 AND "users"."id" != $2 LIMIT $3[0m  [["session_token", "7FEY2eeSWparj3sk0Y3ZMg"], ["id", 1], ["LIMIT", 1]]
  ↳ app/models/user.rb:29
  [1m[36mUser Update (0.6ms)[0m  [1m[33mUPDATE "users" SET "session_token" = $1, "updated_at" = $2 WHERE "users"."id" = $3[0m  [["session_token", "7FEY2eeSWparj3sk0Y3ZMg"], ["updated_at", "2020-01-29 00:38:31.605837"], ["id", 1]]
  ↳ app/models/user.rb:29
  [1m[35m (9.3ms)[0m  [1m[35mCOMMIT[0m
  ↳ app/models/user.rb:29
Redirected to http://localhost:3000/session/new
Completed 302 Found in 22ms (ActiveRecord: 11.3ms)


Started GET "/session/new" for ::1 at 2020-01-28 16:38:31 -0800
Processing by SessionsController#new as HTML
  Rendering sessions/new.html.erb within layouts/application
  Rendered sessions/new.html.erb within layouts/application (0.7ms)
Completed 200 OK in 56ms (Views: 55.5ms | ActiveRecord: 0.0ms)


Started POST "/session" for ::1 at 2020-01-28 16:38:40 -0800
Processing by SessionsController#create as HTML
  Parameters: {"authenticity_token"=>"hcTGn3HbBSeBz/dJWtf8gVaCAerG/2KLMnRPqab1GeaSJlSdM4iFSLKRnTD32JO34CxhMAwR2Rd1vjPeORgzlQ==", "user"=>{"email"=>"andy139", "password"=>"[FILTERED]"}}
  [1m[36mUser Load (0.3ms)[0m  [1m[34mSELECT  "users".* FROM "users" WHERE "users"."email" = $1 LIMIT $2[0m  [["email", "andy139"], ["LIMIT", 1]]
  ↳ app/models/user.rb:49
  [1m[35m (0.3ms)[0m  [1m[35mBEGIN[0m
  ↳ app/models/user.rb:29
  [1m[36mUser Exists (0.4ms)[0m  [1m[34mSELECT  1 AS one FROM "users" WHERE "users"."session_token" = $1 AND "users"."id" != $2 LIMIT $3[0m  [["session_token", "zaPipjNSDKly__UBJ6UcmA"], ["id", 1], ["LIMIT", 1]]
  ↳ app/models/user.rb:29
  [1m[36mUser Update (0.6ms)[0m  [1m[33mUPDATE "users" SET "session_token" = $1, "updated_at" = $2 WHERE "users"."id" = $3[0m  [["session_token", "zaPipjNSDKly__UBJ6UcmA"], ["updated_at", "2020-01-29 00:38:40.708486"], ["id", 1]]
  ↳ app/models/user.rb:29
  [1m[35m (6.9ms)[0m  [1m[35mCOMMIT[0m
  ↳ app/models/user.rb:29
Redirected to http://localhost:3000/users/1
Completed 302 Found in 326ms (ActiveRecord: 8.6ms)


Started GET "/users/1" for ::1 at 2020-01-28 16:38:40 -0800
Processing by UsersController#show as HTML
  Parameters: {"id"=>"1"}
  [1m[36mUser Load (0.4ms)[0m  [1m[34mSELECT  "users".* FROM "users" WHERE "users"."id" = $1 LIMIT $2[0m  [["id", 1], ["LIMIT", 1]]
  ↳ app/controllers/users_controller.rb:8
  Rendering users/show.html.erb within layouts/application
  Rendered users/show.html.erb within layouts/application (0.6ms)
  [1m[36mUser Load (0.4ms)[0m  [1m[34mSELECT  "users".* FROM "users" WHERE "users"."session_token" = $1 LIMIT $2[0m  [["session_token", "zaPipjNSDKly__UBJ6UcmA"], ["LIMIT", 1]]
  ↳ app/controllers/application_controller.rb:6
Completed 200 OK in 43ms (Views: 39.7ms | ActiveRecord: 0.9ms)


Started GET "/users/1" for ::1 at 2020-01-28 16:39:36 -0800
Processing by UsersController#show as HTML
  Parameters: {"id"=>"1"}
  [1m[36mUser Load (0.5ms)[0m  [1m[34mSELECT  "users".* FROM "users" WHERE "users"."id" = $1 LIMIT $2[0m  [["id", 1], ["LIMIT", 1]]
  ↳ app/controllers/users_controller.rb:8
  Rendering users/show.html.erb within layouts/application
  Rendered users/show.html.erb within layouts/application (0.7ms)
  [1m[36mUser Load (0.5ms)[0m  [1m[34mSELECT  "users".* FROM "users" WHERE "users"."session_token" = $1 LIMIT $2[0m  [["session_token", "zaPipjNSDKly__UBJ6UcmA"], ["LIMIT", 1]]
  ↳ app/controllers/application_controller.rb:6
Completed 200 OK in 77ms (Views: 73.7ms | ActiveRecord: 1.0ms)


Started GET "/users/1" for ::1 at 2020-01-28 16:39:46 -0800
Processing by UsersController#show as HTML
  Parameters: {"id"=>"1"}
  [1m[36mUser Load (0.5ms)[0m  [1m[34mSELECT  "users".* FROM "users" WHERE "users"."id" = $1 LIMIT $2[0m  [["id", 1], ["LIMIT", 1]]
  ↳ app/controllers/users_controller.rb:8
  Rendering users/show.html.erb within layouts/application
  Rendered users/show.html.erb within layouts/application (2.5ms)
  [1m[36mUser Load (0.4ms)[0m  [1m[34mSELECT  "users".* FROM "users" WHERE "users"."session_token" = $1 LIMIT $2[0m  [["session_token", "zaPipjNSDKly__UBJ6UcmA"], ["LIMIT", 1]]
  ↳ app/controllers/application_controller.rb:6
Completed 200 OK in 103ms (Views: 99.3ms | ActiveRecord: 0.9ms)


Started DELETE "/session" for ::1 at 2020-01-28 16:39:50 -0800
Processing by SessionsController#destroy as HTML
  Parameters: {"authenticity_token"=>"ducQoxjVOClhBjkai/9mXVHjhj+NJaZVb1wn3WO/OXNhBYKhWoa4RlJYU2Mm8Alr503m5UfLHckolluq/FITAA=="}
  [1m[36mUser Load (0.5ms)[0m  [1m[34mSELECT  "users".* FROM "users" WHERE "users"."session_token" = $1 LIMIT $2[0m  [["session_token", "zaPipjNSDKly__UBJ6UcmA"], ["LIMIT", 1]]
  ↳ app/controllers/application_controller.rb:6
  [1m[35m (0.3ms)[0m  [1m[35mBEGIN[0m
  ↳ app/models/user.rb:29
  [1m[36mUser Exists (0.5ms)[0m  [1m[34mSELECT  1 AS one FROM "users" WHERE "users"."session_token" = $1 AND "users"."id" != $2 LIMIT $3[0m  [["session_token", "B-Rb6goX9xPN92HsA4Gong"], ["id", 1], ["LIMIT", 1]]
  ↳ app/models/user.rb:29
  [1m[36mUser Update (0.5ms)[0m  [1m[33mUPDATE "users" SET "session_token" = $1, "updated_at" = $2 WHERE "users"."id" = $3[0m  [["session_token", "B-Rb6goX9xPN92HsA4Gong"], ["updated_at", "2020-01-29 00:39:50.130526"], ["id", 1]]
  ↳ app/models/user.rb:29
  [1m[35m (1.2ms)[0m  [1m[35mCOMMIT[0m
  ↳ app/models/user.rb:29
Redirected to http://localhost:3000/session/new
Completed 302 Found in 18ms (ActiveRecord: 3.0ms)


Started GET "/session/new" for ::1 at 2020-01-28 16:39:50 -0800
Processing by SessionsController#new as HTML
  Rendering sessions/new.html.erb within layouts/application
  Rendered sessions/new.html.erb within layouts/application (0.6ms)
Completed 200 OK in 64ms (Views: 63.8ms | ActiveRecord: 0.0ms)


Started DELETE "/session" for ::1 at 2020-01-28 16:39:58 -0800
Processing by SessionsController#destroy as HTML
  Parameters: {"authenticity_token"=>"ducQoxjVOClhBjkai/9mXVHjhj+NJaZVb1wn3WO/OXNhBYKhWoa4RlJYU2Mm8Alr503m5UfLHckolluq/FITAA=="}
Completed 500 Internal Server Error in 4ms (ActiveRecord: 0.0ms)



NoMethodError - undefined method `reset_session_token!' for nil:NilClass:
  app/controllers/application_controller.rb:22:in `logout'
  app/controllers/sessions_controller.rb:23:in `destroy'

Started POST "/__better_errors/9d157f4406fe202b/variables" for ::1 at 2020-01-28 16:39:58 -0800
Started DELETE "/session" for ::1 at 2020-01-28 16:40:02 -0800
Processing by SessionsController#destroy as HTML
  Parameters: {"authenticity_token"=>"ducQoxjVOClhBjkai/9mXVHjhj+NJaZVb1wn3WO/OXNhBYKhWoa4RlJYU2Mm8Alr503m5UfLHckolluq/FITAA=="}
Completed 500 Internal Server Error in 6ms (ActiveRecord: 0.0ms)



NoMethodError - undefined method `reset_session_token!' for nil:NilClass:
  app/controllers/application_controller.rb:22:in `logout'
  app/controllers/sessions_controller.rb:23:in `destroy'

Started POST "/__better_errors/9d7cdd88abe65e1a/variables" for ::1 at 2020-01-28 16:40:03 -0800
Started GET "/users/new" for ::1 at 2020-01-28 16:40:09 -0800
Processing by UsersController#new as HTML
  Rendering users/new.html.erb within layouts/application
  Rendered users/new.html.erb within layouts/application (0.6ms)
Completed 200 OK in 36ms (Views: 35.2ms | ActiveRecord: 0.0ms)


Started GET "/users" for ::1 at 2020-01-28 16:40:12 -0800

AbstractController::ActionNotFound - The action 'index' could not be found for UsersController:

Started POST "/__better_errors/8a1e373f762154a0/variables" for ::1 at 2020-01-28 16:40:12 -0800
Started GET "/users/" for ::1 at 2020-01-28 16:40:58 -0800

AbstractController::ActionNotFound - The action 'index' could not be found for UsersController:

Started POST "/__better_errors/fbbf7440a6f049dc/variables" for ::1 at 2020-01-28 16:40:59 -0800
Started GET "/users/new" for ::1 at 2020-01-28 16:42:33 -0800
Processing by UsersController#new as HTML
  Rendering users/new.html.erb within layouts/application
  Rendered users/new.html.erb within layouts/application (0.7ms)
Completed 200 OK in 59ms (Views: 58.0ms | ActiveRecord: 0.0ms)


Started POST "/users" for ::1 at 2020-01-28 16:42:43 -0800
Processing by UsersController#create as HTML
  Parameters: {"authenticity_token"=>"4Lvdfva83ISRjlmhchUu7HGR4vyV62b2v1+MasSCvG33WU98tO9c66LQM9jfGkHaxz+CJl8F3Wr4lfAdW2+WHg==", "user"=>{"email"=>"kicks900@gmail.com", "password"=>"[FILTERED]"}}
  [1m[35m (0.2ms)[0m  [1m[35mBEGIN[0m
  ↳ app/controllers/users_controller.rb:16
  [1m[36mUser Exists (0.4ms)[0m  [1m[34mSELECT  1 AS one FROM "users" WHERE "users"."session_token" = $1 LIMIT $2[0m  [["session_token", "PFQylYcLQud0CBOiAJwRnQ"], ["LIMIT", 1]]
  ↳ app/controllers/users_controller.rb:16
  [1m[36mUser Create (0.7ms)[0m  [1m[32mINSERT INTO "users" ("email", "password_digest", "session_token", "created_at", "updated_at") VALUES ($1, $2, $3, $4, $5) RETURNING "id"[0m  [["email", "kicks900@gmail.com"], ["password_digest", "$2a$12$BLsMbKZ4iCq/iasNkWPd8.a/OH0YOqJBuqe7D3AeFzNUetljN8NoO"], ["session_token", "PFQylYcLQud0CBOiAJwRnQ"], ["created_at", "2020-01-29 00:42:44.065028"], ["updated_at", "2020-01-29 00:42:44.065028"]]
  ↳ app/controllers/users_controller.rb:16
  [1m[35m (1.2ms)[0m  [1m[35mCOMMIT[0m
  ↳ app/controllers/users_controller.rb:16
Redirected to http://localhost:3000/users/2
Completed 302 Found in 316ms (ActiveRecord: 2.5ms)


Started GET "/users/2" for ::1 at 2020-01-28 16:42:44 -0800
Processing by UsersController#show as HTML
  Parameters: {"id"=>"2"}
  [1m[36mUser Load (0.4ms)[0m  [1m[34mSELECT  "users".* FROM "users" WHERE "users"."id" = $1 LIMIT $2[0m  [["id", 2], ["LIMIT", 1]]
  ↳ app/controllers/users_controller.rb:8
  Rendering users/show.html.erb within layouts/application
  Rendered users/show.html.erb within layouts/application (0.5ms)
Completed 200 OK in 39ms (Views: 36.8ms | ActiveRecord: 0.4ms)


Started GET "/users/2" for ::1 at 2020-01-28 16:43:05 -0800
Processing by UsersController#show as HTML
  Parameters: {"id"=>"2"}
  [1m[36mUser Load (0.4ms)[0m  [1m[34mSELECT  "users".* FROM "users" WHERE "users"."id" = $1 LIMIT $2[0m  [["id", 2], ["LIMIT", 1]]
  ↳ app/controllers/users_controller.rb:8
  Rendering users/show.html.erb within layouts/application
  Rendered users/show.html.erb within layouts/application (0.7ms)
Completed 200 OK in 47ms (Views: 44.7ms | ActiveRecord: 0.4ms)


Started POST "/__better_errors/fbbf7440a6f049dc/variables" for ::1 at 2020-01-28 16:43:26 -0800
Started GET "/users/2" for ::1 at 2020-01-28 16:43:47 -0800
Processing by UsersController#show as HTML
  Parameters: {"id"=>"2"}
  [1m[36mUser Load (0.3ms)[0m  [1m[34mSELECT  "users".* FROM "users" WHERE "users"."id" = $1 LIMIT $2[0m  [["id", 2], ["LIMIT", 1]]
  ↳ app/controllers/users_controller.rb:8
  Rendering users/show.html.erb within layouts/application
  Rendered users/show.html.erb within layouts/application (1.1ms)
Completed 200 OK in 80ms (Views: 76.7ms | ActiveRecord: 0.3ms)


Started GET "/session/new" for ::1 at 2020-01-28 16:44:00 -0800
Processing by SessionsController#new as HTML
  Rendering sessions/new.html.erb within layouts/application
  Rendered sessions/new.html.erb within layouts/application (1.7ms)
Completed 200 OK in 86ms (Views: 85.8ms | ActiveRecord: 0.0ms)


Started POST "/session" for ::1 at 2020-01-28 16:44:07 -0800
Processing by SessionsController#create as HTML
  Parameters: {"authenticity_token"=>"01jOUCx9DZvhf2tkYQFdDcRoavulUKcFaUxq5EWmSKDEulxSbi6N9NIhAR3MDjI7csYKIW++HJkuhhaT2kti0w==", "user"=>{"email"=>"andy139", "password"=>"[FILTERED]"}}
  [1m[36mUser Load (0.6ms)[0m  [1m[34mSELECT  "users".* FROM "users" WHERE "users"."email" = $1 LIMIT $2[0m  [["email", "andy139"], ["LIMIT", 1]]
  ↳ app/models/user.rb:49
  [1m[35m (0.3ms)[0m  [1m[35mBEGIN[0m
  ↳ app/models/user.rb:29
  [1m[36mUser Exists (0.6ms)[0m  [1m[34mSELECT  1 AS one FROM "users" WHERE "users"."session_token" = $1 AND "users"."id" != $2 LIMIT $3[0m  [["session_token", "cKUvvOUdNQeMmrzxAhQnzg"], ["id", 1], ["LIMIT", 1]]
  ↳ app/models/user.rb:29
  [1m[36mUser Update (0.5ms)[0m  [1m[33mUPDATE "users" SET "session_token" = $1, "updated_at" = $2 WHERE "users"."id" = $3[0m  [["session_token", "cKUvvOUdNQeMmrzxAhQnzg"], ["updated_at", "2020-01-29 00:44:07.853440"], ["id", 1]]
  ↳ app/models/user.rb:29
  [1m[35m (6.1ms)[0m  [1m[35mCOMMIT[0m
  ↳ app/models/user.rb:29
Redirected to http://localhost:3000/users/1
Completed 302 Found in 317ms (ActiveRecord: 8.0ms)


Started GET "/users/1" for ::1 at 2020-01-28 16:44:07 -0800
Processing by UsersController#show as HTML
  Parameters: {"id"=>"1"}
  [1m[36mUser Load (0.4ms)[0m  [1m[34mSELECT  "users".* FROM "users" WHERE "users"."id" = $1 LIMIT $2[0m  [["id", 1], ["LIMIT", 1]]
  ↳ app/controllers/users_controller.rb:8
  Rendering users/show.html.erb within layouts/application
  Rendered users/show.html.erb within layouts/application (0.6ms)
  [1m[36mUser Load (0.3ms)[0m  [1m[34mSELECT  "users".* FROM "users" WHERE "users"."session_token" = $1 LIMIT $2[0m  [["session_token", "cKUvvOUdNQeMmrzxAhQnzg"], ["LIMIT", 1]]
  ↳ app/controllers/application_controller.rb:6
Completed 200 OK in 47ms (Views: 43.7ms | ActiveRecord: 0.7ms)


Started DELETE "/session" for ::1 at 2020-01-28 16:45:44 -0800
Processing by SessionsController#destroy as HTML
  Parameters: {"authenticity_token"=>"N/1lLapuXvJkhrL8GV+HcfiPJeMWfS5jZfxioYS6dYkgH/cv6D3enVfY2IW0UOhHTiFFOdyTlf8iNh7WG1df+g=="}
  [1m[36mUser Load (0.9ms)[0m  [1m[34mSELECT  "users".* FROM "users" WHERE "users"."session_token" = $1 LIMIT $2[0m  [["session_token", "cKUvvOUdNQeMmrzxAhQnzg"], ["LIMIT", 1]]
  ↳ app/controllers/application_controller.rb:6
  [1m[35m (0.3ms)[0m  [1m[35mBEGIN[0m
  ↳ app/models/user.rb:29
  [1m[36mUser Exists (0.5ms)[0m  [1m[34mSELECT  1 AS one FROM "users" WHERE "users"."session_token" = $1 AND "users"."id" != $2 LIMIT $3[0m  [["session_token", "q2QCSwxl0mfHE0jeZM7H6A"], ["id", 1], ["LIMIT", 1]]
  ↳ app/models/user.rb:29
  [1m[36mUser Update (0.5ms)[0m  [1m[33mUPDATE "users" SET "session_token" = $1, "updated_at" = $2 WHERE "users"."id" = $3[0m  [["session_token", "q2QCSwxl0mfHE0jeZM7H6A"], ["updated_at", "2020-01-29 00:45:44.449890"], ["id", 1]]
  ↳ app/models/user.rb:29
  [1m[35m (6.0ms)[0m  [1m[35mCOMMIT[0m
  ↳ app/models/user.rb:29
Redirected to http://localhost:3000/session/new
Completed 302 Found in 49ms (ActiveRecord: 28.3ms)


Started GET "/session/new" for ::1 at 2020-01-28 16:45:44 -0800
Processing by SessionsController#new as HTML
  Rendering sessions/new.html.erb within layouts/application
  Rendered sessions/new.html.erb within layouts/application (0.6ms)
Completed 200 OK in 42ms (Views: 40.3ms | ActiveRecord: 0.0ms)


Started GET "/users/new" for ::1 at 2020-01-28 16:45:51 -0800
Processing by UsersController#new as HTML
  Rendering users/new.html.erb within layouts/application
  Rendered users/new.html.erb within layouts/application (0.6ms)
Completed 200 OK in 38ms (Views: 37.1ms | ActiveRecord: 0.0ms)


Started GET "/user/new" for ::1 at 2020-01-28 16:45:52 -0800
  
ActionController::RoutingError (No route matches [GET] "/user/new"):
  
actionpack (5.2.4.1) lib/action_dispatch/middleware/debug_exceptions.rb:65:in `call'
web-console (3.7.0) lib/web_console/middleware.rb:135:in `call_app'
web-console (3.7.0) lib/web_console/middleware.rb:30:in `block in call'
web-console (3.7.0) lib/web_console/middleware.rb:20:in `catch'
web-console (3.7.0) lib/web_console/middleware.rb:20:in `call'
actionpack (5.2.4.1) lib/action_dispatch/middleware/show_exceptions.rb:33:in `call'
railties (5.2.4.1) lib/rails/rack/logger.rb:38:in `call_app'
railties (5.2.4.1) lib/rails/rack/logger.rb:26:in `block in call'
activesupport (5.2.4.1) lib/active_support/tagged_logging.rb:71:in `block in tagged'
activesupport (5.2.4.1) lib/active_support/tagged_logging.rb:28:in `tagged'
activesupport (5.2.4.1) lib/active_support/tagged_logging.rb:71:in `tagged'
railties (5.2.4.1) lib/rails/rack/logger.rb:26:in `call'
sprockets-rails (3.2.1) lib/sprockets/rails/quiet_assets.rb:13:in `call'
actionpack (5.2.4.1) lib/action_dispatch/middleware/remote_ip.rb:81:in `call'
actionpack (5.2.4.1) lib/action_dispatch/middleware/request_id.rb:27:in `call'
rack (2.1.2) lib/rack/method_override.rb:24:in `call'
rack (2.1.2) lib/rack/runtime.rb:24:in `call'
activesupport (5.2.4.1) lib/active_support/cache/strategy/local_cache_middleware.rb:29:in `call'
actionpack (5.2.4.1) lib/action_dispatch/middleware/executor.rb:14:in `call'
actionpack (5.2.4.1) lib/action_dispatch/middleware/static.rb:127:in `call'
rack (2.1.2) lib/rack/sendfile.rb:113:in `call'
railties (5.2.4.1) lib/rails/engine.rb:524:in `call'
puma (3.12.2) lib/puma/configuration.rb:227:in `call'
puma (3.12.2) lib/puma/server.rb:674:in `handle_request'
puma (3.12.2) lib/puma/server.rb:476:in `process_client'
puma (3.12.2) lib/puma/server.rb:334:in `block in run'
puma (3.12.2) lib/puma/thread_pool.rb:135:in `block in spawn_thread'
Started POST "/users" for ::1 at 2020-01-28 16:46:07 -0800
Processing by UsersController#create as HTML
  Parameters: {"authenticity_token"=>"VIFSDLXhGEknp7LUkShgrseF+U6vesZN2IeqBvfz5tNDY8AO97KYJhT52K08Jw+YcSuZlGWUfdGfTdZxaB7MoA==", "user"=>{"email"=>"kicks9000", "password"=>"[FILTERED]"}}
  [1m[35m (0.2ms)[0m  [1m[35mBEGIN[0m
  ↳ app/controllers/users_controller.rb:16
  [1m[36mUser Exists (0.5ms)[0m  [1m[34mSELECT  1 AS one FROM "users" WHERE "users"."session_token" = $1 LIMIT $2[0m  [["session_token", "JB7fE32VHV0jAPn8QB5Umw"], ["LIMIT", 1]]
  ↳ app/controllers/users_controller.rb:16
  [1m[36mUser Create (0.5ms)[0m  [1m[32mINSERT INTO "users" ("email", "password_digest", "session_token", "created_at", "updated_at") VALUES ($1, $2, $3, $4, $5) RETURNING "id"[0m  [["email", "kicks9000"], ["password_digest", "$2a$12$K7KsNMuCz3l3MhtzDR/MXukeVcHJGX85.AtXxrs3LGuj1V5FuoZjS"], ["session_token", "JB7fE32VHV0jAPn8QB5Umw"], ["created_at", "2020-01-29 00:46:08.268410"], ["updated_at", "2020-01-29 00:46:08.268410"]]
  ↳ app/controllers/users_controller.rb:16
  [1m[35m (5.7ms)[0m  [1m[35mCOMMIT[0m
  ↳ app/controllers/users_controller.rb:16
Redirected to http://localhost:3000/users/3
Completed 302 Found in 322ms (ActiveRecord: 6.9ms)


Started GET "/users/3" for ::1 at 2020-01-28 16:46:08 -0800
Processing by UsersController#show as HTML
  Parameters: {"id"=>"3"}
  [1m[36mUser Load (0.3ms)[0m  [1m[34mSELECT  "users".* FROM "users" WHERE "users"."id" = $1 LIMIT $2[0m  [["id", 3], ["LIMIT", 1]]
  ↳ app/controllers/users_controller.rb:8
  Rendering users/show.html.erb within layouts/application
  Rendered users/show.html.erb within layouts/application (0.8ms)
Completed 200 OK in 57ms (Views: 53.8ms | ActiveRecord: 0.3ms)


Started GET "/users/3" for ::1 at 2020-01-28 16:47:47 -0800
Processing by UsersController#show as HTML
  Parameters: {"id"=>"3"}
  [1m[36mUser Load (0.4ms)[0m  [1m[34mSELECT  "users".* FROM "users" WHERE "users"."id" = $1 LIMIT $2[0m  [["id", 3], ["LIMIT", 1]]
  ↳ app/controllers/users_controller.rb:8
  Rendering users/show.html.erb within layouts/application
  Rendered users/show.html.erb within layouts/application (0.7ms)
Completed 200 OK in 42ms (Views: 39.7ms | ActiveRecord: 0.4ms)


Started GET "/session/new" for ::1 at 2020-01-28 16:48:01 -0800
Processing by SessionsController#new as HTML
  Rendering sessions/new.html.erb within layouts/application
  Rendered sessions/new.html.erb within layouts/application (0.6ms)
Completed 200 OK in 39ms (Views: 38.0ms | ActiveRecord: 0.0ms)


Started POST "/session" for ::1 at 2020-01-28 16:48:07 -0800
Processing by SessionsController#create as HTML
  Parameters: {"authenticity_token"=>"o4eViqN0tnf3aNbRu+3f3Q3acb1ABVOec8q6BOo0dva0ZQeI4Sc2GMQ2vKgW4rDru3QRZ4rr6AI0AMZzddlchQ==", "user"=>{"email"=>"andy139", "password"=>"[FILTERED]"}}
  [1m[36mUser Load (0.8ms)[0m  [1m[34mSELECT  "users".* FROM "users" WHERE "users"."email" = $1 LIMIT $2[0m  [["email", "andy139"], ["LIMIT", 1]]
  ↳ app/models/user.rb:49
  [1m[35m (0.3ms)[0m  [1m[35mBEGIN[0m
  ↳ app/models/user.rb:29
  [1m[36mUser Exists (0.5ms)[0m  [1m[34mSELECT  1 AS one FROM "users" WHERE "users"."session_token" = $1 AND "users"."id" != $2 LIMIT $3[0m  [["session_token", "9yCGBF-_1DVkErkotPk4Tg"], ["id", 1], ["LIMIT", 1]]
  ↳ app/models/user.rb:29
  [1m[36mUser Update (0.5ms)[0m  [1m[33mUPDATE "users" SET "session_token" = $1, "updated_at" = $2 WHERE "users"."id" = $3[0m  [["session_token", "9yCGBF-_1DVkErkotPk4Tg"], ["updated_at", "2020-01-29 00:48:08.306959"], ["id", 1]]
  ↳ app/models/user.rb:29
  [1m[35m (0.4ms)[0m  [1m[35mCOMMIT[0m
  ↳ app/models/user.rb:29
Redirected to http://localhost:3000/users/1
Completed 302 Found in 311ms (ActiveRecord: 2.5ms)


Started GET "/users/1" for ::1 at 2020-01-28 16:48:08 -0800
Processing by UsersController#show as HTML
  Parameters: {"id"=>"1"}
  [1m[36mUser Load (0.3ms)[0m  [1m[34mSELECT  "users".* FROM "users" WHERE "users"."id" = $1 LIMIT $2[0m  [["id", 1], ["LIMIT", 1]]
  ↳ app/controllers/users_controller.rb:8
  Rendering users/show.html.erb within layouts/application
  Rendered users/show.html.erb within layouts/application (0.7ms)
  [1m[36mUser Load (0.4ms)[0m  [1m[34mSELECT  "users".* FROM "users" WHERE "users"."session_token" = $1 LIMIT $2[0m  [["session_token", "9yCGBF-_1DVkErkotPk4Tg"], ["LIMIT", 1]]
  ↳ app/controllers/application_controller.rb:6
Completed 200 OK in 38ms (Views: 35.4ms | ActiveRecord: 0.7ms)


Started GET "/users/2" for ::1 at 2020-01-28 16:48:14 -0800
Processing by UsersController#show as HTML
  Parameters: {"id"=>"2"}
  [1m[36mUser Load (0.4ms)[0m  [1m[34mSELECT  "users".* FROM "users" WHERE "users"."id" = $1 LIMIT $2[0m  [["id", 2], ["LIMIT", 1]]
  ↳ app/controllers/users_controller.rb:8
  Rendering users/show.html.erb within layouts/application
  Rendered users/show.html.erb within layouts/application (0.9ms)
  [1m[36mUser Load (0.4ms)[0m  [1m[34mSELECT  "users".* FROM "users" WHERE "users"."session_token" = $1 LIMIT $2[0m  [["session_token", "9yCGBF-_1DVkErkotPk4Tg"], ["LIMIT", 1]]
  ↳ app/controllers/application_controller.rb:6
Completed 200 OK in 66ms (Views: 60.8ms | ActiveRecord: 0.8ms)


Started GET "/users/3" for ::1 at 2020-01-28 16:48:19 -0800
Processing by UsersController#show as HTML
  Parameters: {"id"=>"3"}
  [1m[36mUser Load (0.4ms)[0m  [1m[34mSELECT  "users".* FROM "users" WHERE "users"."id" = $1 LIMIT $2[0m  [["id", 3], ["LIMIT", 1]]
  ↳ app/controllers/users_controller.rb:8
  Rendering users/show.html.erb within layouts/application
  Rendered users/show.html.erb within layouts/application (1.9ms)
  [1m[36mUser Load (0.6ms)[0m  [1m[34mSELECT  "users".* FROM "users" WHERE "users"."session_token" = $1 LIMIT $2[0m  [["session_token", "9yCGBF-_1DVkErkotPk4Tg"], ["LIMIT", 1]]
  ↳ app/controllers/application_controller.rb:6
Completed 200 OK in 65ms (Views: 60.0ms | ActiveRecord: 1.0ms)


Started GET "/users/1" for ::1 at 2020-01-28 16:48:24 -0800
Processing by UsersController#show as HTML
  Parameters: {"id"=>"1"}
  [1m[36mUser Load (0.4ms)[0m  [1m[34mSELECT  "users".* FROM "users" WHERE "users"."id" = $1 LIMIT $2[0m  [["id", 1], ["LIMIT", 1]]
  ↳ app/controllers/users_controller.rb:8
  Rendering users/show.html.erb within layouts/application
  Rendered users/show.html.erb within layouts/application (0.8ms)
  [1m[36mUser Load (0.4ms)[0m  [1m[34mSELECT  "users".* FROM "users" WHERE "users"."session_token" = $1 LIMIT $2[0m  [["session_token", "9yCGBF-_1DVkErkotPk4Tg"], ["LIMIT", 1]]
  ↳ app/controllers/application_controller.rb:6
Completed 200 OK in 64ms (Views: 60.4ms | ActiveRecord: 0.7ms)


Started DELETE "/session" for ::1 at 2020-01-28 16:48:26 -0800
Processing by SessionsController#destroy as HTML
  Parameters: {"authenticity_token"=>"LU1EqoUlNEzrqp+SdGNbF4ZkyW6ChGwDVAT38S13GqY6r9aox3a0I9j09evZbDQhMMqptEhq158TzouGspow1Q=="}
  [1m[36mUser Load (0.3ms)[0m  [1m[34mSELECT  "users".* FROM "users" WHERE "users"."session_token" = $1 LIMIT $2[0m  [["session_token", "9yCGBF-_1DVkErkotPk4Tg"], ["LIMIT", 1]]
  ↳ app/controllers/application_controller.rb:6
  [1m[35m (0.2ms)[0m  [1m[35mBEGIN[0m
  ↳ app/models/user.rb:29
  [1m[36mUser Exists (0.5ms)[0m  [1m[34mSELECT  1 AS one FROM "users" WHERE "users"."session_token" = $1 AND "users"."id" != $2 LIMIT $3[0m  [["session_token", "wmAudf_a2VHYzexOiDmSzg"], ["id", 1], ["LIMIT", 1]]
  ↳ app/models/user.rb:29
  [1m[36mUser Update (0.5ms)[0m  [1m[33mUPDATE "users" SET "session_token" = $1, "updated_at" = $2 WHERE "users"."id" = $3[0m  [["session_token", "wmAudf_a2VHYzexOiDmSzg"], ["updated_at", "2020-01-29 00:48:26.919490"], ["id", 1]]
  ↳ app/models/user.rb:29
  [1m[35m (8.3ms)[0m  [1m[35mCOMMIT[0m
  ↳ app/models/user.rb:29
Redirected to http://localhost:3000/session/new
Completed 302 Found in 23ms (ActiveRecord: 9.9ms)


Started GET "/session/new" for ::1 at 2020-01-28 16:48:26 -0800
Processing by SessionsController#new as HTML
  Rendering sessions/new.html.erb within layouts/application
  Rendered sessions/new.html.erb within layouts/application (0.6ms)
Completed 200 OK in 40ms (Views: 39.4ms | ActiveRecord: 0.0ms)


Started POST "/session" for ::1 at 2020-01-28 16:48:36 -0800
Processing by SessionsController#create as HTML
  Parameters: {"authenticity_token"=>"w0qa1vFGoZJ1UfsRe2Nor9M7S/KevLX7JhlXfN+wfL/UqAjUsxUh/UYPkWjWbAeZZZUrKFRSDmdh0ysLQF1WzA==", "user"=>{"email"=>"kicks900", "password"=>"[FILTERED]"}}
  [1m[36mUser Load (0.4ms)[0m  [1m[34mSELECT  "users".* FROM "users" WHERE "users"."email" = $1 LIMIT $2[0m  [["email", "kicks900"], ["LIMIT", 1]]
  ↳ app/models/user.rb:49
Redirected to http://localhost:3000/session/new
Completed 302 Found in 5ms (ActiveRecord: 0.4ms)


Started GET "/session/new" for ::1 at 2020-01-28 16:48:36 -0800
Processing by SessionsController#new as HTML
  Rendering sessions/new.html.erb within layouts/application
  Rendered sessions/new.html.erb within layouts/application (0.6ms)
Completed 200 OK in 36ms (Views: 35.9ms | ActiveRecord: 0.0ms)


Started GET "/users/new" for ::1 at 2020-01-28 16:48:46 -0800
Processing by UsersController#new as HTML
  Rendering users/new.html.erb within layouts/application
  Rendered users/new.html.erb within layouts/application (0.9ms)
Completed 200 OK in 53ms (Views: 52.1ms | ActiveRecord: 0.0ms)


Started POST "/users" for ::1 at 2020-01-28 16:48:59 -0800
Processing by UsersController#create as HTML
  Parameters: {"authenticity_token"=>"F9SEbb7IEhijUD3mhWb6L45rVvnXC1tbnKv/zbUc9BUANhZv/JuSd5AOV58oaZUZOMU2Ix3l4MfbYYO6KvHeZg==", "user"=>{"email"=>"kicks9000", "password"=>"[FILTERED]"}}
  [1m[35m (0.6ms)[0m  [1m[35mBEGIN[0m
  ↳ app/controllers/users_controller.rb:16
  [1m[36mUser Exists (1.8ms)[0m  [1m[34mSELECT  1 AS one FROM "users" WHERE "users"."session_token" = $1 LIMIT $2[0m  [["session_token", "_XvEbgeff8blxt5bxmC_8Q"], ["LIMIT", 1]]
  ↳ app/controllers/users_controller.rb:16
  [1m[36mUser Create (15.3ms)[0m  [1m[32mINSERT INTO "users" ("email", "password_digest", "session_token", "created_at", "updated_at") VALUES ($1, $2, $3, $4, $5) RETURNING "id"[0m  [["email", "kicks9000"], ["password_digest", "$2a$12$ab0pcLEnIAUrJsubmCoyw.tbs0f.Yl2i7Yr9WLLgZshWuDW7h3xhO"], ["session_token", "_XvEbgeff8blxt5bxmC_8Q"], ["created_at", "2020-01-29 00:48:59.764079"], ["updated_at", "2020-01-29 00:48:59.764079"]]
  ↳ app/controllers/users_controller.rb:16
  [1m[35m (0.2ms)[0m  [1m[31mROLLBACK[0m
  ↳ app/controllers/users_controller.rb:16
Completed 500 Internal Server Error in 347ms (ActiveRecord: 17.9ms)



PG::UniqueViolation - ERROR:  duplicate key value violates unique constraint "index_users_on_email"
DETAIL:  Key (email)=(kicks9000) already exists.
:
  app/controllers/users_controller.rb:16:in `create'

Started POST "/__better_errors/236377ea7fa1be10/variables" for ::1 at 2020-01-28 16:49:00 -0800
Started POST "/users" for ::1 at 2020-01-28 16:49:11 -0800
Processing by UsersController#create as HTML
  Parameters: {"authenticity_token"=>"F9SEbb7IEhijUD3mhWb6L45rVvnXC1tbnKv/zbUc9BUANhZv/JuSd5AOV58oaZUZOMU2Ix3l4MfbYYO6KvHeZg==", "user"=>{"email"=>"kicks90000", "password"=>"[FILTERED]"}}
  [1m[35m (0.4ms)[0m  [1m[35mBEGIN[0m
  ↳ app/controllers/users_controller.rb:16
  [1m[36mUser Exists (0.5ms)[0m  [1m[34mSELECT  1 AS one FROM "users" WHERE "users"."session_token" = $1 LIMIT $2[0m  [["session_token", "2NIwMdWWI07GddDU6JPf-Q"], ["LIMIT", 1]]
  ↳ app/controllers/users_controller.rb:16
  [1m[36mUser Create (0.4ms)[0m  [1m[32mINSERT INTO "users" ("email", "password_digest", "session_token", "created_at", "updated_at") VALUES ($1, $2, $3, $4, $5) RETURNING "id"[0m  [["email", "kicks90000"], ["password_digest", "$2a$12$DxuqdhTuL8HuhCdmcWTuQOoYZdJxE.s/Dhb0A55xH7fD1ILy6Uepe"], ["session_token", "2NIwMdWWI07GddDU6JPf-Q"], ["created_at", "2020-01-29 00:49:11.821513"], ["updated_at", "2020-01-29 00:49:11.821513"]]
  ↳ app/controllers/users_controller.rb:16
  [1m[35m (5.8ms)[0m  [1m[35mCOMMIT[0m
  ↳ app/controllers/users_controller.rb:16
Redirected to http://localhost:3000/users/5
Completed 302 Found in 306ms (ActiveRecord: 7.1ms)


Started GET "/users/5" for ::1 at 2020-01-28 16:49:11 -0800
Processing by UsersController#show as HTML
  Parameters: {"id"=>"5"}
  [1m[36mUser Load (1.3ms)[0m  [1m[34mSELECT  "users".* FROM "users" WHERE "users"."id" = $1 LIMIT $2[0m  [["id", 5], ["LIMIT", 1]]
  ↳ app/controllers/users_controller.rb:8
  Rendering users/show.html.erb within layouts/application
  Rendered users/show.html.erb within layouts/application (0.6ms)
Completed 200 OK in 39ms (Views: 34.4ms | ActiveRecord: 1.3ms)


Started GET "/session/new" for ::1 at 2020-01-28 16:49:20 -0800
Processing by SessionsController#new as HTML
  Rendering sessions/new.html.erb within layouts/application
  Rendered sessions/new.html.erb within layouts/application (0.8ms)
Completed 200 OK in 52ms (Views: 51.0ms | ActiveRecord: 0.0ms)


Started POST "/session" for ::1 at 2020-01-28 16:49:32 -0800
Processing by SessionsController#create as HTML
  Parameters: {"authenticity_token"=>"ATXeXjUGQmcnk6ay44Fs0YwvVu2pPqc6rfzmDUVEeQ0W10xcd1XCCBTNzMtOjgPnOoE2N2PQHKbqNpp62qlTfg==", "user"=>{"email"=>"kicks90000", "password"=>"[FILTERED]"}}
  [1m[36mUser Load (0.4ms)[0m  [1m[34mSELECT  "users".* FROM "users" WHERE "users"."email" = $1 LIMIT $2[0m  [["email", "kicks90000"], ["LIMIT", 1]]
  ↳ app/models/user.rb:49
  [1m[35m (0.6ms)[0m  [1m[35mBEGIN[0m
  ↳ app/models/user.rb:29
  [1m[36mUser Exists (0.5ms)[0m  [1m[34mSELECT  1 AS one FROM "users" WHERE "users"."session_token" = $1 AND "users"."id" != $2 LIMIT $3[0m  [["session_token", "DLnc3Djr-TnmPpjvFRP5gg"], ["id", 5], ["LIMIT", 1]]
  ↳ app/models/user.rb:29
  [1m[36mUser Update (0.5ms)[0m  [1m[33mUPDATE "users" SET "session_token" = $1, "updated_at" = $2 WHERE "users"."id" = $3[0m  [["session_token", "DLnc3Djr-TnmPpjvFRP5gg"], ["updated_at", "2020-01-29 00:49:32.718791"], ["id", 5]]
  ↳ app/models/user.rb:29
  [1m[35m (0.6ms)[0m  [1m[35mCOMMIT[0m
  ↳ app/models/user.rb:29
Redirected to http://localhost:3000/users/5
Completed 302 Found in 320ms (ActiveRecord: 2.6ms)


Started GET "/users/5" for ::1 at 2020-01-28 16:49:32 -0800
Processing by UsersController#show as HTML
  Parameters: {"id"=>"5"}
  [1m[36mUser Load (0.4ms)[0m  [1m[34mSELECT  "users".* FROM "users" WHERE "users"."id" = $1 LIMIT $2[0m  [["id", 5], ["LIMIT", 1]]
  ↳ app/controllers/users_controller.rb:8
  Rendering users/show.html.erb within layouts/application
  Rendered users/show.html.erb within layouts/application (0.6ms)
  [1m[36mUser Load (0.4ms)[0m  [1m[34mSELECT  "users".* FROM "users" WHERE "users"."session_token" = $1 LIMIT $2[0m  [["session_token", "DLnc3Djr-TnmPpjvFRP5gg"], ["LIMIT", 1]]
  ↳ app/controllers/application_controller.rb:6
Completed 200 OK in 40ms (Views: 36.8ms | ActiveRecord: 0.7ms)


Started DELETE "/session" for ::1 at 2020-01-28 16:49:39 -0800
Processing by SessionsController#destroy as HTML
  Parameters: {"authenticity_token"=>"MjW0OEfmz6M/knNQ828X2dgVsm+jfpUPdSOCi6pWeJsl1yY6BbVPzAzMGSleYHjvbrvStWmQLpMy6f78NbtS6A=="}
  [1m[36mUser Load (0.8ms)[0m  [1m[34mSELECT  "users".* FROM "users" WHERE "users"."session_token" = $1 LIMIT $2[0m  [["session_token", "DLnc3Djr-TnmPpjvFRP5gg"], ["LIMIT", 1]]
  ↳ app/controllers/application_controller.rb:6
  [1m[35m (0.3ms)[0m  [1m[35mBEGIN[0m
  ↳ app/models/user.rb:29
  [1m[36mUser Exists (0.4ms)[0m  [1m[34mSELECT  1 AS one FROM "users" WHERE "users"."session_token" = $1 AND "users"."id" != $2 LIMIT $3[0m  [["session_token", "mwFXOrrFofT66vFbRD60VQ"], ["id", 5], ["LIMIT", 1]]
  ↳ app/models/user.rb:29
  [1m[36mUser Update (0.5ms)[0m  [1m[33mUPDATE "users" SET "session_token" = $1, "updated_at" = $2 WHERE "users"."id" = $3[0m  [["session_token", "mwFXOrrFofT66vFbRD60VQ"], ["updated_at", "2020-01-29 00:49:39.662507"], ["id", 5]]
  ↳ app/models/user.rb:29
  [1m[35m (0.6ms)[0m  [1m[35mCOMMIT[0m
  ↳ app/models/user.rb:29
Redirected to http://localhost:3000/session/new
Completed 302 Found in 15ms (ActiveRecord: 2.6ms)


Started GET "/session/new" for ::1 at 2020-01-28 16:49:39 -0800
Processing by SessionsController#new as HTML
  Rendering sessions/new.html.erb within layouts/application
  Rendered sessions/new.html.erb within layouts/application (0.5ms)
Completed 200 OK in 43ms (Views: 42.3ms | ActiveRecord: 0.0ms)


Started DELETE "/session" for ::1 at 2020-01-28 16:50:14 -0800
Processing by SessionsController#destroy as HTML
  Parameters: {"authenticity_token"=>"MjW0OEfmz6M/knNQ828X2dgVsm+jfpUPdSOCi6pWeJsl1yY6BbVPzAzMGSleYHjvbrvStWmQLpMy6f78NbtS6A=="}
Completed 500 Internal Server Error in 4ms (ActiveRecord: 0.0ms)



NoMethodError - undefined method `reset_session_token!' for nil:NilClass:
  app/controllers/application_controller.rb:22:in `logout'
  app/controllers/sessions_controller.rb:23:in `destroy'

Started POST "/__better_errors/eb0484ad3749ff92/variables" for ::1 at 2020-01-28 16:50:14 -0800
Started GET "/users/new" for ::1 at 2020-01-28 16:50:20 -0800
Processing by UsersController#new as HTML
  Rendering users/new.html.erb within layouts/application
  Rendered users/new.html.erb within layouts/application (0.8ms)
Completed 200 OK in 71ms (Views: 70.3ms | ActiveRecord: 0.0ms)


Started POST "/users" for ::1 at 2020-01-28 16:50:37 -0800
Processing by UsersController#create as HTML
  Parameters: {"authenticity_token"=>"K+2UfScmQwSnR6wLWowra1c8jFhRQUxkR96984/pehM8DwZ/ZXXDa5QZxnL3g0Rd4ZLsgpuv9/gAFMGEEARQYA==", "user"=>{"email"=>"lmfao139@gmail.com", "password"=>"[FILTERED]"}}
  [1m[35m (1.8ms)[0m  [1m[35mBEGIN[0m
  ↳ app/controllers/users_controller.rb:16
  [1m[36mUser Exists (0.5ms)[0m  [1m[34mSELECT  1 AS one FROM "users" WHERE "users"."session_token" = $1 LIMIT $2[0m  [["session_token", "aUO_lexgE6xwuYqFhmshxg"], ["LIMIT", 1]]
  ↳ app/controllers/users_controller.rb:16
  [1m[36mUser Create (0.4ms)[0m  [1m[32mINSERT INTO "users" ("email", "password_digest", "session_token", "created_at", "updated_at") VALUES ($1, $2, $3, $4, $5) RETURNING "id"[0m  [["email", "lmfao139@gmail.com"], ["password_digest", "$2a$12$umZEC8F2qsJTLrRfLDBHmeS7JbhTNh8CgJOtyvEEm3ocQNMTvLGk6"], ["session_token", "aUO_lexgE6xwuYqFhmshxg"], ["created_at", "2020-01-29 00:50:38.148137"], ["updated_at", "2020-01-29 00:50:38.148137"]]
  ↳ app/controllers/users_controller.rb:16
  [1m[35m (5.9ms)[0m  [1m[35mCOMMIT[0m
  ↳ app/controllers/users_controller.rb:16
  [1m[35m (0.3ms)[0m  [1m[35mBEGIN[0m
  ↳ app/models/user.rb:29
  [1m[36mUser Exists (0.6ms)[0m  [1m[34mSELECT  1 AS one FROM "users" WHERE "users"."session_token" = $1 AND "users"."id" != $2 LIMIT $3[0m  [["session_token", "nbY5WXlANqut9n7ar--dvw"], ["id", 6], ["LIMIT", 1]]
  ↳ app/models/user.rb:29
  [1m[36mUser Update (0.4ms)[0m  [1m[33mUPDATE "users" SET "session_token" = $1, "updated_at" = $2 WHERE "users"."id" = $3[0m  [["session_token", "nbY5WXlANqut9n7ar--dvw"], ["updated_at", "2020-01-29 00:50:38.161639"], ["id", 6]]
  ↳ app/models/user.rb:29
  [1m[35m (0.6ms)[0m  [1m[35mCOMMIT[0m
  ↳ app/models/user.rb:29
Redirected to http://localhost:3000/users/6
Completed 302 Found in 344ms (ActiveRecord: 15.0ms)


Started GET "/users/6" for ::1 at 2020-01-28 16:50:38 -0800
Processing by UsersController#show as HTML
  Parameters: {"id"=>"6"}
  [1m[36mUser Load (0.4ms)[0m  [1m[34mSELECT  "users".* FROM "users" WHERE "users"."id" = $1 LIMIT $2[0m  [["id", 6], ["LIMIT", 1]]
  ↳ app/controllers/users_controller.rb:8
  Rendering users/show.html.erb within layouts/application
  Rendered users/show.html.erb within layouts/application (1.0ms)
  [1m[36mUser Load (4.0ms)[0m  [1m[34mSELECT  "users".* FROM "users" WHERE "users"."session_token" = $1 LIMIT $2[0m  [["session_token", "nbY5WXlANqut9n7ar--dvw"], ["LIMIT", 1]]
  ↳ app/controllers/application_controller.rb:6
Completed 200 OK in 58ms (Views: 51.6ms | ActiveRecord: 4.4ms)


Started DELETE "/session" for ::1 at 2020-01-28 16:50:45 -0800
Processing by SessionsController#destroy as HTML
  Parameters: {"authenticity_token"=>"5JLDGBXHsCXgNFbnW7FAxec300DwQSYFLHqPTZ87zQjzcFEaV5QwStNqPJ72vi/zUZmzmjqvnZlrsPM6ANbnew=="}
  [1m[36mUser Load (0.4ms)[0m  [1m[34mSELECT  "users".* FROM "users" WHERE "users"."session_token" = $1 LIMIT $2[0m  [["session_token", "nbY5WXlANqut9n7ar--dvw"], ["LIMIT", 1]]
  ↳ app/controllers/application_controller.rb:6
  [1m[35m (0.8ms)[0m  [1m[35mBEGIN[0m
  ↳ app/models/user.rb:29
  [1m[36mUser Exists (1.0ms)[0m  [1m[34mSELECT  1 AS one FROM "users" WHERE "users"."session_token" = $1 AND "users"."id" != $2 LIMIT $3[0m  [["session_token", "4ok_2UOnKCJ4HEFkS2dfJg"], ["id", 6], ["LIMIT", 1]]
  ↳ app/models/user.rb:29
  [1m[36mUser Update (0.7ms)[0m  [1m[33mUPDATE "users" SET "session_token" = $1, "updated_at" = $2 WHERE "users"."id" = $3[0m  [["session_token", "4ok_2UOnKCJ4HEFkS2dfJg"], ["updated_at", "2020-01-29 00:50:45.825646"], ["id", 6]]
  ↳ app/models/user.rb:29
  [1m[35m (4.7ms)[0m  [1m[35mCOMMIT[0m
  ↳ app/models/user.rb:29
Redirected to http://localhost:3000/session/new
Completed 302 Found in 27ms (ActiveRecord: 7.7ms)


Started GET "/session/new" for ::1 at 2020-01-28 16:50:45 -0800
Processing by SessionsController#new as HTML
  Rendering sessions/new.html.erb within layouts/application
  Rendered sessions/new.html.erb within layouts/application (0.7ms)
Completed 200 OK in 56ms (Views: 55.1ms | ActiveRecord: 0.0ms)


  [1m[35m (0.4ms)[0m  [1m[34mSELECT pg_try_advisory_lock(3436136348486319135)[0m
  ↳ bin/rails:9
  [1m[35m (2.0ms)[0m  [1m[34mSELECT "schema_migrations"."version" FROM "schema_migrations" ORDER BY "schema_migrations"."version" ASC[0m
  ↳ bin/rails:9
Migrating to CreateBands (20200129005324)
  [1m[35m (1.4ms)[0m  [1m[35mBEGIN[0m
  ↳ bin/rails:9
  [1m[35m (26.2ms)[0m  [1m[35mCREATE TABLE "bands" ("id" bigserial primary key, "name" character varying NOT NULL, "created_at" timestamp NOT NULL, "updated_at" timestamp NOT NULL)[0m
  ↳ db/migrate/20200129005324_create_bands.rb:3
  [1m[36mActiveRecord::SchemaMigration Create (1.1ms)[0m  [1m[32mINSERT INTO "schema_migrations" ("version") VALUES ($1) RETURNING "version"[0m  [["version", "20200129005324"]]
  ↳ bin/rails:9
  [1m[35m (6.9ms)[0m  [1m[35mCOMMIT[0m
  ↳ bin/rails:9
  [1m[36mActiveRecord::InternalMetadata Load (2.8ms)[0m  [1m[34mSELECT  "ar_internal_metadata".* FROM "ar_internal_metadata" WHERE "ar_internal_metadata"."key" = $1 LIMIT $2[0m  [["key", "environment"], ["LIMIT", 1]]
  ↳ bin/rails:9
  [1m[35m (0.2ms)[0m  [1m[35mBEGIN[0m
  ↳ bin/rails:9
  [1m[35m (0.2ms)[0m  [1m[35mCOMMIT[0m
  ↳ bin/rails:9
  [1m[35m (0.2ms)[0m  [1m[34mSELECT pg_advisory_unlock(3436136348486319135)[0m
  ↳ bin/rails:9
  [1m[35m (0.4ms)[0m  [1m[34mSELECT "schema_migrations"."version" FROM "schema_migrations" ORDER BY "schema_migrations"."version" ASC[0m
  ↳ bin/rails:9
Started POST "/session" for ::1 at 2020-01-28 18:07:59 -0800
  [1m[35m (1.7ms)[0m  [1m[34mSELECT "schema_migrations"."version" FROM "schema_migrations" ORDER BY "schema_migrations"."version" ASC[0m
  ↳ /home/andy139/.rbenv/versions/2.5.1/lib/ruby/gems/2.5.0/gems/activerecord-5.2.4.1/lib/active_record/log_subscriber.rb:98
Processing by SessionsController#create as HTML
  Parameters: {"authenticity_token"=>"IwlWQaMPph1Y7H52NjuD2rbKVCSiADN8rrMbrJvA6zg068RD4VwmcmuyFA+bNOzsAGQ0/mjuiODpeWfbBC3BSw==", "user"=>{"email"=>"andy139", "password"=>"[FILTERED]"}}
  [1m[36mUser Load (2.2ms)[0m  [1m[34mSELECT  "users".* FROM "users" WHERE "users"."email" = $1 LIMIT $2[0m  [["email", "andy139"], ["LIMIT", 1]]
  ↳ app/models/user.rb:49
  [1m[35m (0.2ms)[0m  [1m[35mBEGIN[0m
  ↳ app/models/user.rb:29
  [1m[36mUser Exists (0.6ms)[0m  [1m[34mSELECT  1 AS one FROM "users" WHERE "users"."session_token" = $1 AND "users"."id" != $2 LIMIT $3[0m  [["session_token", "ua39-QrFuSM-XZ4FnxmAfA"], ["id", 1], ["LIMIT", 1]]
  ↳ app/models/user.rb:29
  [1m[36mUser Update (0.6ms)[0m  [1m[33mUPDATE "users" SET "session_token" = $1, "updated_at" = $2 WHERE "users"."id" = $3[0m  [["session_token", "ua39-QrFuSM-XZ4FnxmAfA"], ["updated_at", "2020-01-29 02:07:59.800835"], ["id", 1]]
  ↳ app/models/user.rb:29
  [1m[35m (1.5ms)[0m  [1m[35mCOMMIT[0m
  ↳ app/models/user.rb:29
Redirected to http://localhost:3000/users/1
Completed 302 Found in 332ms (ActiveRecord: 30.6ms)


Started GET "/users/1" for ::1 at 2020-01-28 18:07:59 -0800
Processing by UsersController#show as HTML
  Parameters: {"id"=>"1"}
  [1m[36mUser Load (1.2ms)[0m  [1m[34mSELECT  "users".* FROM "users" WHERE "users"."id" = $1 LIMIT $2[0m  [["id", 1], ["LIMIT", 1]]
  ↳ app/controllers/users_controller.rb:8
  Rendering users/show.html.erb within layouts/application
  Rendered users/show.html.erb within layouts/application (0.8ms)
  [1m[36mUser Load (0.3ms)[0m  [1m[34mSELECT  "users".* FROM "users" WHERE "users"."session_token" = $1 LIMIT $2[0m  [["session_token", "ua39-QrFuSM-XZ4FnxmAfA"], ["LIMIT", 1]]
  ↳ app/controllers/application_controller.rb:6
Completed 200 OK in 331ms (Views: 324.8ms | ActiveRecord: 1.5ms)


Started GET "/band" for ::1 at 2020-01-28 18:08:05 -0800
  
ActionController::RoutingError (No route matches [GET] "/band"):
  
actionpack (5.2.4.1) lib/action_dispatch/middleware/debug_exceptions.rb:65:in `call'
web-console (3.7.0) lib/web_console/middleware.rb:135:in `call_app'
web-console (3.7.0) lib/web_console/middleware.rb:30:in `block in call'
web-console (3.7.0) lib/web_console/middleware.rb:20:in `catch'
web-console (3.7.0) lib/web_console/middleware.rb:20:in `call'
actionpack (5.2.4.1) lib/action_dispatch/middleware/show_exceptions.rb:33:in `call'
railties (5.2.4.1) lib/rails/rack/logger.rb:38:in `call_app'
railties (5.2.4.1) lib/rails/rack/logger.rb:26:in `block in call'
activesupport (5.2.4.1) lib/active_support/tagged_logging.rb:71:in `block in tagged'
activesupport (5.2.4.1) lib/active_support/tagged_logging.rb:28:in `tagged'
activesupport (5.2.4.1) lib/active_support/tagged_logging.rb:71:in `tagged'
railties (5.2.4.1) lib/rails/rack/logger.rb:26:in `call'
sprockets-rails (3.2.1) lib/sprockets/rails/quiet_assets.rb:13:in `call'
actionpack (5.2.4.1) lib/action_dispatch/middleware/remote_ip.rb:81:in `call'
actionpack (5.2.4.1) lib/action_dispatch/middleware/request_id.rb:27:in `call'
rack (2.1.2) lib/rack/method_override.rb:24:in `call'
rack (2.1.2) lib/rack/runtime.rb:24:in `call'
activesupport (5.2.4.1) lib/active_support/cache/strategy/local_cache_middleware.rb:29:in `call'
actionpack (5.2.4.1) lib/action_dispatch/middleware/executor.rb:14:in `call'
actionpack (5.2.4.1) lib/action_dispatch/middleware/static.rb:127:in `call'
rack (2.1.2) lib/rack/sendfile.rb:113:in `call'
railties (5.2.4.1) lib/rails/engine.rb:524:in `call'
puma (3.12.2) lib/puma/configuration.rb:227:in `call'
puma (3.12.2) lib/puma/server.rb:674:in `handle_request'
puma (3.12.2) lib/puma/server.rb:476:in `process_client'
puma (3.12.2) lib/puma/server.rb:334:in `block in run'
puma (3.12.2) lib/puma/thread_pool.rb:135:in `block in spawn_thread'
Started GET "/bands" for ::1 at 2020-01-28 18:08:10 -0800
Processing by BandsController#show as HTML
  [1m[36mBand Load (1.0ms)[0m  [1m[34mSELECT  "bands".* FROM "bands" WHERE "bands"."id" IS NULL LIMIT $1[0m  [["LIMIT", 1]]
  ↳ app/controllers/bands_controller.rb:12
Completed 406 Not Acceptable in 181ms (ActiveRecord: 11.8ms)



ActionController::UnknownFormat - BandsController#show is missing a template for this request format and variant.

request.formats: ["text/html"]
request.variant: []

NOTE! For XHR/Ajax or API requests, this action would normally respond with 204 No Content: an empty white screen. Since you're loading it in a web browser, we assume that you expected to actually render a template, not nothing, so we're showing an error to be extra-clear. If you expect 204 No Content, carry on. That's what you'll get from an XHR or API request. Give it a shot.:

Started POST "/__better_errors/dab8571253093048/variables" for ::1 at 2020-01-28 18:08:10 -0800
Started GET "/bands" for ::1 at 2020-01-28 18:09:06 -0800
Processing by BandsController#show as HTML
  [1m[36mBand Load (1.0ms)[0m  [1m[34mSELECT  "bands".* FROM "bands" WHERE "bands"."id" IS NULL LIMIT $1[0m  [["LIMIT", 1]]
  ↳ app/controllers/bands_controller.rb:13
Completed 200 OK in 13ms (Views: 0.2ms | ActiveRecord: 5.3ms)


